[INFO] Scanning for projects...
[INFO] 
[INFO] ---------------------< com.mohitmac:eureka-server >---------------------
[INFO] Building eureka-server 0.0.1-SNAPSHOT
[INFO]   from pom.xml
[INFO] --------------------------------[ jar ]---------------------------------
[INFO] 
[INFO] >>> spring-boot:3.4.3:run (default-cli) > test-compile @ eureka-server >>>
[INFO] 
[INFO] --- resources:3.3.1:resources (default-resources) @ eureka-server ---
[INFO] Copying 1 resource from src/main/resources to target/classes
[INFO] Copying 0 resource from src/main/resources to target/classes
[INFO] 
[INFO] --- compiler:3.13.0:compile (default-compile) @ eureka-server ---
[INFO] Nothing to compile - all classes are up to date.
[INFO] 
[INFO] --- resources:3.3.1:testResources (default-testResources) @ eureka-server ---
[INFO] skip non existing resourceDirectory /Users/mohit/salon_microservices/eureka-server/src/test/resources
[INFO] 
[INFO] --- compiler:3.13.0:testCompile (default-testCompile) @ eureka-server ---
[INFO] Recompiling the module because of changed source code.
[INFO] Compiling 1 source file with javac [debug parameters release 17] to target/test-classes
[INFO] 
[INFO] <<< spring-boot:3.4.3:run (default-cli) < test-compile @ eureka-server <<<
[INFO] 
[INFO] 
[INFO] --- spring-boot:3.4.3:run (default-cli) @ eureka-server ---
[INFO] Attaching agents: []
Standard Commons Logging discovery in action with spring-jcl: please remove commons-logging.jar from classpath in order to avoid potential conflicts

  .   ____          _            __ _ _
 /\\ / ___'_ __ _ _(_)_ __  __ _ \ \ \ \
( ( )\___ | '_ | '_| | '_ \/ _` | \ \ \ \
 \\/  ___)| |_)| | | | | || (_| |  ) ) ) )
  '  |____| .__|_| |_|_| |_\__, | / / / /
 =========|_|==============|___/=/_/_/_/

 :: Spring Boot ::                (v3.4.3)

2025-10-09T23:53:18.494+05:30  INFO 53626 --- [eureka-server] [           main] com.mohitmac.EurekaServerApplication     : Starting EurekaServerApplication using Java 17.0.16 with PID 53626 (/Users/mohit/salon_microservices/eureka-server/target/classes started by mohit in /Users/mohit/salon_microservices/eureka-server)
2025-10-09T23:53:18.498+05:30  INFO 53626 --- [eureka-server] [           main] com.mohitmac.EurekaServerApplication     : No active profile set, falling back to 1 default profile: "default"
2025-10-09T23:53:19.716+05:30  INFO 53626 --- [eureka-server] [           main] o.s.cloud.context.scope.GenericScope     : BeanFactory id=6686b3d2-de92-38fe-8a3e-732c656658f0
2025-10-09T23:53:20.023+05:30  INFO 53626 --- [eureka-server] [           main] o.s.b.w.embedded.tomcat.TomcatWebServer  : Tomcat initialized with port 8070 (http)
2025-10-09T23:53:20.048+05:30  INFO 53626 --- [eureka-server] [           main] o.apache.catalina.core.StandardService   : Starting service [Tomcat]
2025-10-09T23:53:20.048+05:30  INFO 53626 --- [eureka-server] [           main] o.apache.catalina.core.StandardEngine    : Starting Servlet engine: [Apache Tomcat/10.1.36]
2025-10-09T23:53:20.119+05:30  INFO 53626 --- [eureka-server] [           main] o.a.c.c.C.[Tomcat].[localhost].[/]       : Initializing Spring embedded WebApplicationContext
2025-10-09T23:53:20.121+05:30  INFO 53626 --- [eureka-server] [           main] w.s.c.ServletWebServerApplicationContext : Root WebApplicationContext: initialization completed in 1568 ms
Standard Commons Logging discovery in action with spring-jcl: please remove commons-logging.jar from classpath in order to avoid potential conflicts
2025-10-09T23:53:21.575+05:30  INFO 53626 --- [eureka-server] [           main] c.n.d.provider.DiscoveryJerseyProvider   : Using JSON encoding codec LegacyJacksonJson
2025-10-09T23:53:21.577+05:30  INFO 53626 --- [eureka-server] [           main] c.n.d.provider.DiscoveryJerseyProvider   : Using JSON decoding codec LegacyJacksonJson
2025-10-09T23:53:21.826+05:30  INFO 53626 --- [eureka-server] [           main] c.n.d.provider.DiscoveryJerseyProvider   : Using XML encoding codec XStreamXml
2025-10-09T23:53:21.827+05:30  INFO 53626 --- [eureka-server] [           main] c.n.d.provider.DiscoveryJerseyProvider   : Using XML decoding codec XStreamXml
2025-10-09T23:53:21.999+05:30  INFO 53626 --- [eureka-server] [           main] o.s.v.b.OptionalValidatorFactoryBean     : Failed to set up a Bean Validation provider: jakarta.validation.NoProviderFoundException: Unable to create a Configuration, because no Jakarta Bean Validation provider could be found. Add a provider like Hibernate Validator (RI) to your classpath.
2025-10-09T23:53:22.675+05:30  WARN 53626 --- [eureka-server] [           main] iguration$LoadBalancerCaffeineWarnLogger : Spring Cloud LoadBalancer is currently working with the default cache. While this cache implementation is useful for development and tests, it's recommended to use Caffeine cache in production.You can switch to using Caffeine cache, by adding it and org.springframework.cache.caffeine.CaffeineCacheManager to the classpath.
2025-10-09T23:53:22.693+05:30  INFO 53626 --- [eureka-server] [           main] o.s.c.n.eureka.InstanceInfoFactory       : Setting initial instance status as: STARTING
2025-10-09T23:53:22.712+05:30  INFO 53626 --- [eureka-server] [           main] com.netflix.discovery.DiscoveryClient    : Initializing Eureka in region us-east-1
2025-10-09T23:53:22.712+05:30  INFO 53626 --- [eureka-server] [           main] com.netflix.discovery.DiscoveryClient    : Client configured to neither register nor query for data.
2025-10-09T23:53:22.714+05:30  INFO 53626 --- [eureka-server] [           main] com.netflix.discovery.DiscoveryClient    : Discovery Client initialized at timestamp 1760034202713 with initial instances count: 0
2025-10-09T23:53:22.758+05:30  INFO 53626 --- [eureka-server] [           main] c.n.eureka.DefaultEurekaServerContext    : Initializing ...
2025-10-09T23:53:22.759+05:30  WARN 53626 --- [eureka-server] [           main] c.n.eureka.cluster.PeerEurekaNodes       : The replica size seems to be empty. Check the route 53 DNS Registry
2025-10-09T23:53:22.772+05:30  INFO 53626 --- [eureka-server] [           main] c.n.e.registry.AbstractInstanceRegistry  : Finished initializing remote region registries. All known remote regions: []
2025-10-09T23:53:22.772+05:30  INFO 53626 --- [eureka-server] [           main] c.n.eureka.DefaultEurekaServerContext    : Initialized
2025-10-09T23:53:22.782+05:30  INFO 53626 --- [eureka-server] [           main] o.s.b.a.e.web.EndpointLinksResolver      : Exposing 1 endpoint beneath base path '/actuator'
2025-10-09T23:53:22.830+05:30  INFO 53626 --- [eureka-server] [           main] o.s.c.n.e.s.EurekaServiceRegistry        : Registering application EUREKA-SERVER with eureka with status UP
2025-10-09T23:53:22.840+05:30  INFO 53626 --- [eureka-server] [       Thread-9] o.s.c.n.e.server.EurekaServerBootstrap   : isAws returned false
2025-10-09T23:53:22.840+05:30  INFO 53626 --- [eureka-server] [       Thread-9] o.s.c.n.e.server.EurekaServerBootstrap   : Initialized server context
2025-10-09T23:53:22.840+05:30  INFO 53626 --- [eureka-server] [       Thread-9] c.n.e.r.PeerAwareInstanceRegistryImpl    : Got 1 instances from neighboring DS node
2025-10-09T23:53:22.841+05:30  INFO 53626 --- [eureka-server] [       Thread-9] c.n.e.r.PeerAwareInstanceRegistryImpl    : Renew threshold is: 1
2025-10-09T23:53:22.841+05:30  INFO 53626 --- [eureka-server] [       Thread-9] c.n.e.r.PeerAwareInstanceRegistryImpl    : Changing status to UP
2025-10-09T23:53:22.843+05:30  INFO 53626 --- [eureka-server] [       Thread-9] e.s.EurekaServerInitializerConfiguration : Started Eureka Server
2025-10-09T23:53:22.866+05:30  INFO 53626 --- [eureka-server] [           main] o.s.b.w.embedded.tomcat.TomcatWebServer  : Tomcat started on port 8070 (http) with context path '/'
2025-10-09T23:53:22.867+05:30  INFO 53626 --- [eureka-server] [           main] .s.c.n.e.s.EurekaAutoServiceRegistration : Updating port to 8070
2025-10-09T23:53:22.893+05:30  INFO 53626 --- [eureka-server] [           main] com.mohitmac.EurekaServerApplication     : Started EurekaServerApplication in 4.953 seconds (process running for 5.733)
2025-10-09T23:54:20.004+05:30  INFO 53626 --- [eureka-server] [nio-8070-exec-1] o.a.c.c.C.[Tomcat].[localhost].[/]       : Initializing Spring DispatcherServlet 'dispatcherServlet'
2025-10-09T23:54:20.005+05:30  INFO 53626 --- [eureka-server] [nio-8070-exec-1] o.s.web.servlet.DispatcherServlet        : Initializing Servlet 'dispatcherServlet'
2025-10-09T23:54:20.012+05:30  INFO 53626 --- [eureka-server] [nio-8070-exec-1] o.s.web.servlet.DispatcherServlet        : Completed initialization in 7 ms
2025-10-09T23:54:20.483+05:30  INFO 53626 --- [eureka-server] [nio-8070-exec-2] c.n.e.registry.AbstractInstanceRegistry  : Registered instance USERSERVICE/192.168.29.109:userService:5001 with status UP (replication=false)
2025-10-09T23:54:22.847+05:30  INFO 53626 --- [eureka-server] [a-EvictionTimer] c.n.e.registry.AbstractInstanceRegistry  : Running the evict task with compensationTime 0ms
2025-10-09T23:55:13.007+05:30  INFO 53626 --- [eureka-server] [nio-8070-exec-6] c.n.e.registry.AbstractInstanceRegistry  : Registered instance GATEWAY-SERVER/192.168.29.109:GATEWAY-SERVER:8085 with status UP (replication=false)
2025-10-09T23:55:22.857+05:30  INFO 53626 --- [eureka-server] [a-EvictionTimer] c.n.e.registry.AbstractInstanceRegistry  : Running the evict task with compensationTime 2ms
2025-10-09T23:56:22.855+05:30  INFO 53626 --- [eureka-server] [a-EvictionTimer] c.n.e.registry.AbstractInstanceRegistry  : Running the evict task with compensationTime 1ms
2025-10-09T23:57:22.860+05:30  INFO 53626 --- [eureka-server] [a-EvictionTimer] c.n.e.registry.AbstractInstanceRegistry  : Running the evict task with compensationTime 4ms
2025-10-09T23:58:22.869+05:30  INFO 53626 --- [eureka-server] [a-EvictionTimer] c.n.e.registry.AbstractInstanceRegistry  : Running the evict task with compensationTime 4ms
2025-10-09T23:59:22.886+05:30  INFO 53626 --- [eureka-server] [a-EvictionTimer] c.n.e.registry.AbstractInstanceRegistry  : Running the evict task with compensationTime 4ms
2025-10-10T00:00:22.894+05:30  INFO 53626 --- [eureka-server] [a-EvictionTimer] c.n.e.registry.AbstractInstanceRegistry  : Running the evict task with compensationTime 5ms
2025-10-10T00:01:22.896+05:30  INFO 53626 --- [eureka-server] [a-EvictionTimer] c.n.e.registry.AbstractInstanceRegistry  : Running the evict task with compensationTime 0ms
2025-10-10T00:01:31.746+05:30  INFO 53626 --- [eureka-server] [nio-8070-exec-6] c.n.e.registry.AbstractInstanceRegistry  : Registered instance GATEWAY-SERVER/192.168.29.109:GATEWAY-SERVER:8085 with status DOWN (replication=false)
2025-10-10T00:01:34.995+05:30  INFO 53626 --- [eureka-server] [nio-8070-exec-8] c.n.e.registry.AbstractInstanceRegistry  : Cancelled instance GATEWAY-SERVER/192.168.29.109:GATEWAY-SERVER:8085 (replication=false)
2025-10-10T00:01:36.837+05:30  INFO 53626 --- [eureka-server] [nio-8070-exec-2] c.n.e.registry.AbstractInstanceRegistry  : Registered instance GATEWAY-SERVER/192.168.29.109:GATEWAY-SERVER:8085 with status UP (replication=false)
2025-10-10T00:02:09.836+05:30  INFO 53626 --- [eureka-server] [nio-8070-exec-9] c.n.e.registry.AbstractInstanceRegistry  : Registered instance GATEWAY-SERVER/192.168.29.109:GATEWAY-SERVER:8085 with status UP (replication=false)
2025-10-10T00:02:22.901+05:30  INFO 53626 --- [eureka-server] [a-EvictionTimer] c.n.e.registry.AbstractInstanceRegistry  : Running the evict task with compensationTime 3ms
2025-10-10T00:03:22.814+05:30  WARN 53626 --- [eureka-server] [eerNodesUpdater] c.n.eureka.cluster.PeerEurekaNodes       : The replica size seems to be empty. Check the route 53 DNS Registry
2025-10-10T00:03:22.907+05:30  INFO 53626 --- [eureka-server] [a-EvictionTimer] c.n.e.registry.AbstractInstanceRegistry  : Running the evict task with compensationTime 4ms
2025-10-10T00:04:22.913+05:30  INFO 53626 --- [eureka-server] [a-EvictionTimer] c.n.e.registry.AbstractInstanceRegistry  : Running the evict task with compensationTime 3ms
2025-10-10T00:05:22.916+05:30  INFO 53626 --- [eureka-server] [a-EvictionTimer] c.n.e.registry.AbstractInstanceRegistry  : Running the evict task with compensationTime 1ms
2025-10-10T00:06:22.921+05:30  INFO 53626 --- [eureka-server] [a-EvictionTimer] c.n.e.registry.AbstractInstanceRegistry  : Running the evict task with compensationTime 1ms
2025-10-10T00:07:22.927+05:30  INFO 53626 --- [eureka-server] [a-EvictionTimer] c.n.e.registry.AbstractInstanceRegistry  : Running the evict task with compensationTime 4ms
2025-10-10T00:08:22.840+05:30  INFO 53626 --- [eureka-server] [hresholdUpdater] c.n.e.r.PeerAwareInstanceRegistryImpl    : Current renewal threshold is : 5
2025-10-10T00:08:22.932+05:30  INFO 53626 --- [eureka-server] [a-EvictionTimer] c.n.e.registry.AbstractInstanceRegistry  : Running the evict task with compensationTime 3ms
2025-10-10T00:09:22.936+05:30  INFO 53626 --- [eureka-server] [a-EvictionTimer] c.n.e.registry.AbstractInstanceRegistry  : Running the evict task with compensationTime 1ms
2025-10-10T00:10:22.939+05:30  INFO 53626 --- [eureka-server] [a-EvictionTimer] c.n.e.registry.AbstractInstanceRegistry  : Running the evict task with compensationTime 1ms
2025-10-10T00:11:22.944+05:30  INFO 53626 --- [eureka-server] [a-EvictionTimer] c.n.e.registry.AbstractInstanceRegistry  : Running the evict task with compensationTime 3ms
2025-10-10T00:12:22.950+05:30  INFO 53626 --- [eureka-server] [a-EvictionTimer] c.n.e.registry.AbstractInstanceRegistry  : Running the evict task with compensationTime 4ms
2025-10-10T00:13:22.848+05:30  WARN 53626 --- [eureka-server] [eerNodesUpdater] c.n.eureka.cluster.PeerEurekaNodes       : The replica size seems to be empty. Check the route 53 DNS Registry
2025-10-10T00:13:22.954+05:30  INFO 53626 --- [eureka-server] [a-EvictionTimer] c.n.e.registry.AbstractInstanceRegistry  : Running the evict task with compensationTime 5ms
2025-10-10T00:14:22.956+05:30  INFO 53626 --- [eureka-server] [a-EvictionTimer] c.n.e.registry.AbstractInstanceRegistry  : Running the evict task with compensationTime 20ms
2025-10-10T00:15:22.964+05:30  INFO 53626 --- [eureka-server] [a-EvictionTimer] c.n.e.registry.AbstractInstanceRegistry  : Running the evict task with compensationTime 5ms
2025-10-10T00:16:22.965+05:30  INFO 53626 --- [eureka-server] [a-EvictionTimer] c.n.e.registry.AbstractInstanceRegistry  : Running the evict task with compensationTime 0ms
2025-10-10T00:17:22.970+05:30  INFO 53626 --- [eureka-server] [a-EvictionTimer] c.n.e.registry.AbstractInstanceRegistry  : Running the evict task with compensationTime 3ms
2025-10-10T00:18:23.038+05:30  INFO 53626 --- [eureka-server] [a-EvictionTimer] c.n.e.registry.AbstractInstanceRegistry  : Running the evict task with compensationTime 12ms
2025-10-10T00:19:22.989+05:30  INFO 53626 --- [eureka-server] [a-EvictionTimer] c.n.e.registry.AbstractInstanceRegistry  : Running the evict task with compensationTime 4ms
2025-10-10T00:20:22.995+05:30  INFO 53626 --- [eureka-server] [a-EvictionTimer] c.n.e.registry.AbstractInstanceRegistry  : Running the evict task with compensationTime 4ms
2025-10-10T00:21:23.001+05:30  INFO 53626 --- [eureka-server] [a-EvictionTimer] c.n.e.registry.AbstractInstanceRegistry  : Running the evict task with compensationTime 4ms
2025-10-10T00:22:23.007+05:30  INFO 53626 --- [eureka-server] [a-EvictionTimer] c.n.e.registry.AbstractInstanceRegistry  : Running the evict task with compensationTime 4ms
2025-10-10T00:23:22.842+05:30  INFO 53626 --- [eureka-server] [hresholdUpdater] c.n.e.r.PeerAwareInstanceRegistryImpl    : Current renewal threshold is : 5
2025-10-10T00:23:22.849+05:30  WARN 53626 --- [eureka-server] [eerNodesUpdater] c.n.eureka.cluster.PeerEurekaNodes       : The replica size seems to be empty. Check the route 53 DNS Registry
2025-10-10T00:23:23.009+05:30  INFO 53626 --- [eureka-server] [a-EvictionTimer] c.n.e.registry.AbstractInstanceRegistry  : Running the evict task with compensationTime 0ms
2025-10-10T00:24:23.016+05:30  INFO 53626 --- [eureka-server] [a-EvictionTimer] c.n.e.registry.AbstractInstanceRegistry  : Running the evict task with compensationTime 5ms
2025-10-10T00:25:23.023+05:30  INFO 53626 --- [eureka-server] [a-EvictionTimer] c.n.e.registry.AbstractInstanceRegistry  : Running the evict task with compensationTime 5ms
2025-10-10T00:26:23.030+05:30  INFO 53626 --- [eureka-server] [a-EvictionTimer] c.n.e.registry.AbstractInstanceRegistry  : Running the evict task with compensationTime 5ms
2025-10-10T00:27:23.036+05:30  INFO 53626 --- [eureka-server] [a-EvictionTimer] c.n.e.registry.AbstractInstanceRegistry  : Running the evict task with compensationTime 4ms
2025-10-10T00:28:23.042+05:30  INFO 53626 --- [eureka-server] [a-EvictionTimer] c.n.e.registry.AbstractInstanceRegistry  : Running the evict task with compensationTime 4ms
2025-10-10T00:29:23.058+05:30  INFO 53626 --- [eureka-server] [a-EvictionTimer] c.n.e.registry.AbstractInstanceRegistry  : Running the evict task with compensationTime 4ms
2025-10-10T00:30:23.064+05:30  INFO 53626 --- [eureka-server] [a-EvictionTimer] c.n.e.registry.AbstractInstanceRegistry  : Running the evict task with compensationTime 2ms
2025-10-10T00:31:23.069+05:30  INFO 53626 --- [eureka-server] [a-EvictionTimer] c.n.e.registry.AbstractInstanceRegistry  : Running the evict task with compensationTime 3ms
2025-10-10T00:32:23.075+05:30  INFO 53626 --- [eureka-server] [a-EvictionTimer] c.n.e.registry.AbstractInstanceRegistry  : Running the evict task with compensationTime 3ms
2025-10-10T00:33:22.922+05:30  WARN 53626 --- [eureka-server] [eerNodesUpdater] c.n.eureka.cluster.PeerEurekaNodes       : The replica size seems to be empty. Check the route 53 DNS Registry
2025-10-10T00:33:23.078+05:30  INFO 53626 --- [eureka-server] [a-EvictionTimer] c.n.e.registry.AbstractInstanceRegistry  : Running the evict task with compensationTime 1ms
2025-10-10T00:34:23.083+05:30  INFO 53626 --- [eureka-server] [a-EvictionTimer] c.n.e.registry.AbstractInstanceRegistry  : Running the evict task with compensationTime 3ms
2025-10-10T00:35:23.089+05:30  INFO 53626 --- [eureka-server] [a-EvictionTimer] c.n.e.registry.AbstractInstanceRegistry  : Running the evict task with compensationTime 4ms
2025-10-10T00:36:23.094+05:30  INFO 53626 --- [eureka-server] [a-EvictionTimer] c.n.e.registry.AbstractInstanceRegistry  : Running the evict task with compensationTime 2ms
2025-10-10T00:37:23.099+05:30  INFO 53626 --- [eureka-server] [a-EvictionTimer] c.n.e.registry.AbstractInstanceRegistry  : Running the evict task with compensationTime 3ms
2025-10-10T00:38:22.878+05:30  INFO 53626 --- [eureka-server] [hresholdUpdater] c.n.e.r.PeerAwareInstanceRegistryImpl    : Current renewal threshold is : 5
2025-10-10T00:38:23.103+05:30  INFO 53626 --- [eureka-server] [a-EvictionTimer] c.n.e.registry.AbstractInstanceRegistry  : Running the evict task with compensationTime 3ms
2025-10-10T00:39:23.109+05:30  INFO 53626 --- [eureka-server] [a-EvictionTimer] c.n.e.registry.AbstractInstanceRegistry  : Running the evict task with compensationTime 4ms
2025-10-10T00:40:23.114+05:30  INFO 53626 --- [eureka-server] [a-EvictionTimer] c.n.e.registry.AbstractInstanceRegistry  : Running the evict task with compensationTime 3ms
2025-10-10T00:41:23.119+05:30  INFO 53626 --- [eureka-server] [a-EvictionTimer] c.n.e.registry.AbstractInstanceRegistry  : Running the evict task with compensationTime 3ms
2025-10-10T00:42:23.126+05:30  INFO 53626 --- [eureka-server] [a-EvictionTimer] c.n.e.registry.AbstractInstanceRegistry  : Running the evict task with compensationTime 4ms
2025-10-10T00:43:22.959+05:30  WARN 53626 --- [eureka-server] [eerNodesUpdater] c.n.eureka.cluster.PeerEurekaNodes       : The replica size seems to be empty. Check the route 53 DNS Registry
2025-10-10T00:43:23.128+05:30  INFO 53626 --- [eureka-server] [a-EvictionTimer] c.n.e.registry.AbstractInstanceRegistry  : Running the evict task with compensationTime 0ms
2025-10-10T00:44:46.044+05:30  INFO 53626 --- [eureka-server] [a-EvictionTimer] c.n.e.registry.AbstractInstanceRegistry  : Running the evict task with compensationTime 3ms
2025-10-10T00:45:46.050+05:30  INFO 53626 --- [eureka-server] [a-EvictionTimer] c.n.e.registry.AbstractInstanceRegistry  : Running the evict task with compensationTime 4ms
2025-10-10T00:46:46.056+05:30  INFO 53626 --- [eureka-server] [a-EvictionTimer] c.n.e.registry.AbstractInstanceRegistry  : Running the evict task with compensationTime 2ms
2025-10-10T00:47:46.060+05:30  INFO 53626 --- [eureka-server] [a-EvictionTimer] c.n.e.registry.AbstractInstanceRegistry  : Running the evict task with compensationTime 4ms
2025-10-10T00:48:46.063+05:30  INFO 53626 --- [eureka-server] [a-EvictionTimer] c.n.e.registry.AbstractInstanceRegistry  : Running the evict task with compensationTime 0ms
2025-10-10T00:53:42.611+05:30  INFO 53626 --- [eureka-server] [a-EvictionTimer] c.n.e.registry.AbstractInstanceRegistry  : Running the evict task with compensationTime 3ms
2025-10-10T00:54:42.617+05:30  INFO 53626 --- [eureka-server] [a-EvictionTimer] c.n.e.registry.AbstractInstanceRegistry  : Running the evict task with compensationTime 4ms
2025-10-10T00:55:42.621+05:30  INFO 53626 --- [eureka-server] [a-EvictionTimer] c.n.e.registry.AbstractInstanceRegistry  : Running the evict task with compensationTime 2ms
2025-10-10T00:56:42.628+05:30  INFO 53626 --- [eureka-server] [a-EvictionTimer] c.n.e.registry.AbstractInstanceRegistry  : Running the evict task with compensationTime 4ms
2025-10-10T00:57:42.371+05:30  INFO 53626 --- [eureka-server] [hresholdUpdater] c.n.e.r.PeerAwareInstanceRegistryImpl    : Current renewal threshold is : 5
2025-10-10T00:57:42.442+05:30  WARN 53626 --- [eureka-server] [eerNodesUpdater] c.n.eureka.cluster.PeerEurekaNodes       : The replica size seems to be empty. Check the route 53 DNS Registry
2025-10-10T00:57:42.632+05:30  INFO 53626 --- [eureka-server] [a-EvictionTimer] c.n.e.registry.AbstractInstanceRegistry  : Running the evict task with compensationTime 3ms
2025-10-10T00:58:31.265+05:30  INFO 53626 --- [eureka-server] [io-8070-exec-10] c.n.e.registry.AbstractInstanceRegistry  : Registered instance SERVICE-OFFERING/192.168.29.109:SERVICE-OFFERING:5004 with status UP (replication=false)
2025-10-10T00:58:32.554+05:30  INFO 53626 --- [eureka-server] [nio-8070-exec-4] c.n.e.registry.AbstractInstanceRegistry  : Registered instance BOOKING-SERVICE/192.168.29.109:BOOKING-SERVICE:5005 with status UP (replication=false)
2025-10-10T00:58:34.298+05:30  INFO 53626 --- [eureka-server] [nio-8070-exec-6] c.n.e.registry.AbstractInstanceRegistry  : Registered instance SALON-SERVICE/192.168.29.109:SALON-SERVICE:5002 with status UP (replication=false)
2025-10-10T00:58:34.464+05:30  INFO 53626 --- [eureka-server] [nio-8070-exec-7] c.n.e.registry.AbstractInstanceRegistry  : Registered instance CATERGORY-SERVICE/192.168.29.109:catergory-Service:5003 with status UP (replication=false)
2025-10-10T00:58:34.565+05:30  INFO 53626 --- [eureka-server] [io-8070-exec-10] c.n.e.registry.AbstractInstanceRegistry  : Registered instance PAYMENT-SERVICE/192.168.29.109:PAYMENT-SERVICE:5006 with status UP (replication=false)
2025-10-10T00:58:42.639+05:30  INFO 53626 --- [eureka-server] [a-EvictionTimer] c.n.e.registry.AbstractInstanceRegistry  : Running the evict task with compensationTime 4ms
2025-10-10T00:59:42.645+05:30  INFO 53626 --- [eureka-server] [a-EvictionTimer] c.n.e.registry.AbstractInstanceRegistry  : Running the evict task with compensationTime 4ms
2025-10-10T01:00:42.646+05:30  INFO 53626 --- [eureka-server] [a-EvictionTimer] c.n.e.registry.AbstractInstanceRegistry  : Running the evict task with compensationTime 0ms
2025-10-10T01:01:42.653+05:30  INFO 53626 --- [eureka-server] [a-EvictionTimer] c.n.e.registry.AbstractInstanceRegistry  : Running the evict task with compensationTime 4ms
2025-10-10T01:02:42.655+05:30  INFO 53626 --- [eureka-server] [a-EvictionTimer] c.n.e.registry.AbstractInstanceRegistry  : Running the evict task with compensationTime 0ms
2025-10-10T01:03:42.662+05:30  INFO 53626 --- [eureka-server] [a-EvictionTimer] c.n.e.registry.AbstractInstanceRegistry  : Running the evict task with compensationTime 2ms
2025-10-10T01:04:42.665+05:30  INFO 53626 --- [eureka-server] [a-EvictionTimer] c.n.e.registry.AbstractInstanceRegistry  : Running the evict task with compensationTime 3ms
2025-10-10T01:05:42.669+05:30  INFO 53626 --- [eureka-server] [a-EvictionTimer] c.n.e.registry.AbstractInstanceRegistry  : Running the evict task with compensationTime 1ms
2025-10-10T01:06:04.187+05:30  INFO 53626 --- [eureka-server] [nio-8070-exec-3] c.n.e.registry.AbstractInstanceRegistry  : Registered instance USERSERVICE/192.168.29.109:userService:5001 with status DOWN (replication=false)
2025-10-10T01:06:09.742+05:30  INFO 53626 --- [eureka-server] [nio-8070-exec-2] c.n.e.registry.AbstractInstanceRegistry  : Cancelled instance USERSERVICE/192.168.29.109:userService:5001 (replication=false)
2025-10-10T01:06:16.166+05:30  INFO 53626 --- [eureka-server] [nio-8070-exec-6] c.n.e.registry.AbstractInstanceRegistry  : Registered instance USERSERVICE/192.168.29.109:userService:5001 with status UP (replication=false)
2025-10-10T01:06:42.674+05:30  INFO 53626 --- [eureka-server] [a-EvictionTimer] c.n.e.registry.AbstractInstanceRegistry  : Running the evict task with compensationTime 4ms
2025-10-10T01:07:29.575+05:30  INFO 53626 --- [eureka-server] [nio-8070-exec-5] c.n.e.registry.AbstractInstanceRegistry  : Registered instance USERSERVICE/192.168.29.109:userService:5001 with status UP (replication=false)
2025-10-10T01:07:42.480+05:30  WARN 53626 --- [eureka-server] [eerNodesUpdater] c.n.eureka.cluster.PeerEurekaNodes       : The replica size seems to be empty. Check the route 53 DNS Registry
2025-10-10T01:07:42.680+05:30  INFO 53626 --- [eureka-server] [a-EvictionTimer] c.n.e.registry.AbstractInstanceRegistry  : Running the evict task with compensationTime 3ms
2025-10-10T01:08:42.682+05:30  INFO 53626 --- [eureka-server] [a-EvictionTimer] c.n.e.registry.AbstractInstanceRegistry  : Running the evict task with compensationTime 0ms
2025-10-10T01:09:42.687+05:30  INFO 53626 --- [eureka-server] [a-EvictionTimer] c.n.e.registry.AbstractInstanceRegistry  : Running the evict task with compensationTime 2ms
2025-10-10T01:09:45.891+05:30  INFO 53626 --- [eureka-server] [nio-8070-exec-6] c.n.e.registry.AbstractInstanceRegistry  : Registered instance USERSERVICE/192.168.29.109:userService:5001 with status DOWN (replication=false)
2025-10-10T01:09:48.943+05:30  INFO 53626 --- [eureka-server] [nio-8070-exec-5] c.n.e.registry.AbstractInstanceRegistry  : Cancelled instance USERSERVICE/192.168.29.109:userService:5001 (replication=false)
2025-10-10T01:09:51.152+05:30  INFO 53626 --- [eureka-server] [nio-8070-exec-9] c.n.e.registry.AbstractInstanceRegistry  : Registered instance USERSERVICE/192.168.29.109:userService:5001 with status UP (replication=false)
2025-10-10T01:10:42.694+05:30  INFO 53626 --- [eureka-server] [a-EvictionTimer] c.n.e.registry.AbstractInstanceRegistry  : Running the evict task with compensationTime 5ms
2025-10-10T01:11:42.700+05:30  INFO 53626 --- [eureka-server] [a-EvictionTimer] c.n.e.registry.AbstractInstanceRegistry  : Running the evict task with compensationTime 4ms
2025-10-10T01:12:42.386+05:30  INFO 53626 --- [eureka-server] [hresholdUpdater] c.n.e.r.PeerAwareInstanceRegistryImpl    : Current renewal threshold is : 13
2025-10-10T01:12:42.708+05:30  INFO 53626 --- [eureka-server] [a-EvictionTimer] c.n.e.registry.AbstractInstanceRegistry  : Running the evict task with compensationTime 5ms
2025-10-10T01:13:42.713+05:30  INFO 53626 --- [eureka-server] [a-EvictionTimer] c.n.e.registry.AbstractInstanceRegistry  : Running the evict task with compensationTime 4ms
2025-10-10T01:14:42.719+05:30  INFO 53626 --- [eureka-server] [a-EvictionTimer] c.n.e.registry.AbstractInstanceRegistry  : Running the evict task with compensationTime 3ms
2025-10-10T01:15:42.847+05:30  INFO 53626 --- [eureka-server] [a-EvictionTimer] c.n.e.registry.AbstractInstanceRegistry  : Running the evict task with compensationTime 5ms
2025-10-10T01:16:42.847+05:30  INFO 53626 --- [eureka-server] [a-EvictionTimer] c.n.e.registry.AbstractInstanceRegistry  : Running the evict task with compensationTime 10ms
2025-10-10T01:17:42.613+05:30  WARN 53626 --- [eureka-server] [eerNodesUpdater] c.n.eureka.cluster.PeerEurekaNodes       : The replica size seems to be empty. Check the route 53 DNS Registry
2025-10-10T01:17:42.852+05:30  INFO 53626 --- [eureka-server] [a-EvictionTimer] c.n.e.registry.AbstractInstanceRegistry  : Running the evict task with compensationTime 2ms
2025-10-10T01:18:42.857+05:30  INFO 53626 --- [eureka-server] [a-EvictionTimer] c.n.e.registry.AbstractInstanceRegistry  : Running the evict task with compensationTime 4ms
2025-10-10T01:19:42.863+05:30  INFO 53626 --- [eureka-server] [a-EvictionTimer] c.n.e.registry.AbstractInstanceRegistry  : Running the evict task with compensationTime 4ms
2025-10-10T01:20:42.868+05:30  INFO 53626 --- [eureka-server] [a-EvictionTimer] c.n.e.registry.AbstractInstanceRegistry  : Running the evict task with compensationTime 3ms
2025-10-10T01:21:42.873+05:30  INFO 53626 --- [eureka-server] [a-EvictionTimer] c.n.e.registry.AbstractInstanceRegistry  : Running the evict task with compensationTime 2ms
2025-10-10T01:22:42.879+05:30  INFO 53626 --- [eureka-server] [a-EvictionTimer] c.n.e.registry.AbstractInstanceRegistry  : Running the evict task with compensationTime 4ms
2025-10-10T01:23:42.884+05:30  INFO 53626 --- [eureka-server] [a-EvictionTimer] c.n.e.registry.AbstractInstanceRegistry  : Running the evict task with compensationTime 3ms
2025-10-10T01:24:42.889+05:30  INFO 53626 --- [eureka-server] [a-EvictionTimer] c.n.e.registry.AbstractInstanceRegistry  : Running the evict task with compensationTime 3ms
2025-10-10T01:25:42.892+05:30  INFO 53626 --- [eureka-server] [a-EvictionTimer] c.n.e.registry.AbstractInstanceRegistry  : Running the evict task with compensationTime 0ms
2025-10-10T01:26:42.895+05:30  INFO 53626 --- [eureka-server] [a-EvictionTimer] c.n.e.registry.AbstractInstanceRegistry  : Running the evict task with compensationTime 1ms
2025-10-10T01:27:42.529+05:30  INFO 53626 --- [eureka-server] [hresholdUpdater] c.n.e.r.PeerAwareInstanceRegistryImpl    : Current renewal threshold is : 13
2025-10-10T01:27:42.640+05:30  WARN 53626 --- [eureka-server] [eerNodesUpdater] c.n.eureka.cluster.PeerEurekaNodes       : The replica size seems to be empty. Check the route 53 DNS Registry
2025-10-10T01:27:42.901+05:30  INFO 53626 --- [eureka-server] [a-EvictionTimer] c.n.e.registry.AbstractInstanceRegistry  : Running the evict task with compensationTime 4ms
2025-10-10T01:28:42.904+05:30  INFO 53626 --- [eureka-server] [a-EvictionTimer] c.n.e.registry.AbstractInstanceRegistry  : Running the evict task with compensationTime 0ms
2025-10-10T01:29:42.908+05:30  INFO 53626 --- [eureka-server] [a-EvictionTimer] c.n.e.registry.AbstractInstanceRegistry  : Running the evict task with compensationTime 3ms
2025-10-10T01:30:42.914+05:30  INFO 53626 --- [eureka-server] [a-EvictionTimer] c.n.e.registry.AbstractInstanceRegistry  : Running the evict task with compensationTime 4ms
2025-10-10T01:31:42.920+05:30  INFO 53626 --- [eureka-server] [a-EvictionTimer] c.n.e.registry.AbstractInstanceRegistry  : Running the evict task with compensationTime 4ms
2025-10-10T01:32:42.928+05:30  INFO 53626 --- [eureka-server] [a-EvictionTimer] c.n.e.registry.AbstractInstanceRegistry  : Running the evict task with compensationTime 4ms
2025-10-10T01:33:42.927+05:30  INFO 53626 --- [eureka-server] [a-EvictionTimer] c.n.e.registry.AbstractInstanceRegistry  : Running the evict task with compensationTime 0ms
2025-10-10T01:34:42.933+05:30  INFO 53626 --- [eureka-server] [a-EvictionTimer] c.n.e.registry.AbstractInstanceRegistry  : Running the evict task with compensationTime 3ms
2025-10-10T01:35:42.939+05:30  INFO 53626 --- [eureka-server] [a-EvictionTimer] c.n.e.registry.AbstractInstanceRegistry  : Running the evict task with compensationTime 4ms
2025-10-10T01:36:42.945+05:30  INFO 53626 --- [eureka-server] [a-EvictionTimer] c.n.e.registry.AbstractInstanceRegistry  : Running the evict task with compensationTime 4ms
2025-10-10T01:37:42.663+05:30  WARN 53626 --- [eureka-server] [eerNodesUpdater] c.n.eureka.cluster.PeerEurekaNodes       : The replica size seems to be empty. Check the route 53 DNS Registry
2025-10-10T01:37:42.950+05:30  INFO 53626 --- [eureka-server] [a-EvictionTimer] c.n.e.registry.AbstractInstanceRegistry  : Running the evict task with compensationTime 3ms
2025-10-10T01:38:42.953+05:30  INFO 53626 --- [eureka-server] [a-EvictionTimer] c.n.e.registry.AbstractInstanceRegistry  : Running the evict task with compensationTime 1ms
2025-10-10T01:39:42.960+05:30  INFO 53626 --- [eureka-server] [a-EvictionTimer] c.n.e.registry.AbstractInstanceRegistry  : Running the evict task with compensationTime 5ms
2025-10-10T01:40:42.966+05:30  INFO 53626 --- [eureka-server] [a-EvictionTimer] c.n.e.registry.AbstractInstanceRegistry  : Running the evict task with compensationTime 5ms
2025-10-10T01:41:42.969+05:30  INFO 53626 --- [eureka-server] [a-EvictionTimer] c.n.e.registry.AbstractInstanceRegistry  : Running the evict task with compensationTime 1ms
2025-10-10T01:42:42.550+05:30  INFO 53626 --- [eureka-server] [hresholdUpdater] c.n.e.r.PeerAwareInstanceRegistryImpl    : Current renewal threshold is : 13
2025-10-10T01:42:42.972+05:30  INFO 53626 --- [eureka-server] [a-EvictionTimer] c.n.e.registry.AbstractInstanceRegistry  : Running the evict task with compensationTime 1ms
2025-10-10T01:43:42.978+05:30  INFO 53626 --- [eureka-server] [a-EvictionTimer] c.n.e.registry.AbstractInstanceRegistry  : Running the evict task with compensationTime 4ms
2025-10-10T01:44:42.983+05:30  INFO 53626 --- [eureka-server] [a-EvictionTimer] c.n.e.registry.AbstractInstanceRegistry  : Running the evict task with compensationTime 3ms
2025-10-10T01:45:42.989+05:30  INFO 53626 --- [eureka-server] [a-EvictionTimer] c.n.e.registry.AbstractInstanceRegistry  : Running the evict task with compensationTime 4ms
2025-10-10T01:46:42.993+05:30  INFO 53626 --- [eureka-server] [a-EvictionTimer] c.n.e.registry.AbstractInstanceRegistry  : Running the evict task with compensationTime 2ms
2025-10-10T01:47:42.686+05:30  WARN 53626 --- [eureka-server] [eerNodesUpdater] c.n.eureka.cluster.PeerEurekaNodes       : The replica size seems to be empty. Check the route 53 DNS Registry
2025-10-10T01:47:42.999+05:30  INFO 53626 --- [eureka-server] [a-EvictionTimer] c.n.e.registry.AbstractInstanceRegistry  : Running the evict task with compensationTime 4ms
2025-10-10T01:48:43.006+05:30  INFO 53626 --- [eureka-server] [a-EvictionTimer] c.n.e.registry.AbstractInstanceRegistry  : Running the evict task with compensationTime 5ms
2025-10-10T01:49:43.012+05:30  INFO 53626 --- [eureka-server] [a-EvictionTimer] c.n.e.registry.AbstractInstanceRegistry  : Running the evict task with compensationTime 4ms
2025-10-10T01:50:43.018+05:30  INFO 53626 --- [eureka-server] [a-EvictionTimer] c.n.e.registry.AbstractInstanceRegistry  : Running the evict task with compensationTime 3ms
2025-10-10T01:51:43.022+05:30  INFO 53626 --- [eureka-server] [a-EvictionTimer] c.n.e.registry.AbstractInstanceRegistry  : Running the evict task with compensationTime 20ms
2025-10-10T01:52:43.027+05:30  INFO 53626 --- [eureka-server] [a-EvictionTimer] c.n.e.registry.AbstractInstanceRegistry  : Running the evict task with compensationTime 5ms
2025-10-10T01:53:43.033+05:30  INFO 53626 --- [eureka-server] [a-EvictionTimer] c.n.e.registry.AbstractInstanceRegistry  : Running the evict task with compensationTime 4ms
2025-10-10T01:54:43.039+05:30  INFO 53626 --- [eureka-server] [a-EvictionTimer] c.n.e.registry.AbstractInstanceRegistry  : Running the evict task with compensationTime 5ms
2025-10-10T01:55:43.043+05:30  INFO 53626 --- [eureka-server] [a-EvictionTimer] c.n.e.registry.AbstractInstanceRegistry  : Running the evict task with compensationTime 1ms
2025-10-10T01:56:43.045+05:30  INFO 53626 --- [eureka-server] [a-EvictionTimer] c.n.e.registry.AbstractInstanceRegistry  : Running the evict task with compensationTime 3ms
2025-10-10T01:57:42.557+05:30  INFO 53626 --- [eureka-server] [hresholdUpdater] c.n.e.r.PeerAwareInstanceRegistryImpl    : Current renewal threshold is : 13
2025-10-10T01:57:42.686+05:30  WARN 53626 --- [eureka-server] [eerNodesUpdater] c.n.eureka.cluster.PeerEurekaNodes       : The replica size seems to be empty. Check the route 53 DNS Registry
2025-10-10T01:57:43.051+05:30  INFO 53626 --- [eureka-server] [a-EvictionTimer] c.n.e.registry.AbstractInstanceRegistry  : Running the evict task with compensationTime 4ms
2025-10-10T01:58:43.057+05:30  INFO 53626 --- [eureka-server] [a-EvictionTimer] c.n.e.registry.AbstractInstanceRegistry  : Running the evict task with compensationTime 3ms
