[INFO] Scanning for projects...
[INFO] 
[INFO] --------------------< com.mohitmac:Gateway-Server >---------------------
[INFO] Building Gateway-Server 0.0.1-SNAPSHOT
[INFO]   from pom.xml
[INFO] --------------------------------[ jar ]---------------------------------
[INFO] 
[INFO] >>> spring-boot:3.4.3:run (default-cli) > test-compile @ Gateway-Server >>>
[INFO] 
[INFO] --- resources:3.3.1:resources (default-resources) @ Gateway-Server ---
[INFO] Copying 1 resource from src/main/resources to target/classes
[INFO] Copying 0 resource from src/main/resources to target/classes
[INFO] 
[INFO] --- compiler:3.13.0:compile (default-compile) @ Gateway-Server ---
[INFO] Nothing to compile - all classes are up to date.
[INFO] 
[INFO] --- resources:3.3.1:testResources (default-testResources) @ Gateway-Server ---
[INFO] skip non existing resourceDirectory /Users/mohit/salon_microservices/Gateway-Server/src/test/resources
[INFO] 
[INFO] --- compiler:3.13.0:testCompile (default-testCompile) @ Gateway-Server ---
[INFO] Nothing to compile - all classes are up to date.
[INFO] 
[INFO] <<< spring-boot:3.4.3:run (default-cli) < test-compile @ Gateway-Server <<<
[INFO] 
[INFO] 
[INFO] --- spring-boot:3.4.3:run (default-cli) @ Gateway-Server ---
[INFO] Attaching agents: []

  .   ____          _            __ _ _
 /\\ / ___'_ __ _ _(_)_ __  __ _ \ \ \ \
( ( )\___ | '_ | '_| | '_ \/ _` | \ \ \ \
 \\/  ___)| |_)| | | | | || (_| |  ) ) ) )
  '  |____| .__|_| |_|_| |_\__, | / / / /
 =========|_|==============|___/=/_/_/_/

 :: Spring Boot ::                (v3.4.3)

2025-10-05T22:25:48.863+05:30  INFO 85368 --- [GATEWAY-SERVER] [  restartedMain] c.m.G.Server.GatewayServerApplication    : Starting GatewayServerApplication using Java 17.0.16 with PID 85368 (/Users/mohit/salon_microservices/Gateway-Server/target/classes started by mohit in /Users/mohit/salon_microservices/Gateway-Server)
2025-10-05T22:25:48.866+05:30  INFO 85368 --- [GATEWAY-SERVER] [  restartedMain] c.m.G.Server.GatewayServerApplication    : No active profile set, falling back to 1 default profile: "default"
2025-10-05T22:25:48.924+05:30  INFO 85368 --- [GATEWAY-SERVER] [  restartedMain] .e.DevToolsPropertyDefaultsPostProcessor : Devtools property defaults active! Set 'spring.devtools.add-properties' to 'false' to disable
2025-10-05T22:25:48.924+05:30  INFO 85368 --- [GATEWAY-SERVER] [  restartedMain] .e.DevToolsPropertyDefaultsPostProcessor : For additional web related logging consider setting the 'logging.level.web' property to 'DEBUG'
2025-10-05T22:25:50.002+05:30  INFO 85368 --- [GATEWAY-SERVER] [  restartedMain] o.s.cloud.context.scope.GenericScope     : BeanFactory id=ec2f461a-f4ea-3402-9e72-81cc9df7b1a3
2025-10-05T22:25:51.132+05:30  INFO 85368 --- [GATEWAY-SERVER] [  restartedMain] o.s.c.g.r.RouteDefinitionRouteLocator    : Loaded RoutePredicateFactory [After]
2025-10-05T22:25:51.132+05:30  INFO 85368 --- [GATEWAY-SERVER] [  restartedMain] o.s.c.g.r.RouteDefinitionRouteLocator    : Loaded RoutePredicateFactory [Before]
2025-10-05T22:25:51.133+05:30  INFO 85368 --- [GATEWAY-SERVER] [  restartedMain] o.s.c.g.r.RouteDefinitionRouteLocator    : Loaded RoutePredicateFactory [Between]
2025-10-05T22:25:51.133+05:30  INFO 85368 --- [GATEWAY-SERVER] [  restartedMain] o.s.c.g.r.RouteDefinitionRouteLocator    : Loaded RoutePredicateFactory [Cookie]
2025-10-05T22:25:51.133+05:30  INFO 85368 --- [GATEWAY-SERVER] [  restartedMain] o.s.c.g.r.RouteDefinitionRouteLocator    : Loaded RoutePredicateFactory [Header]
2025-10-05T22:25:51.133+05:30  INFO 85368 --- [GATEWAY-SERVER] [  restartedMain] o.s.c.g.r.RouteDefinitionRouteLocator    : Loaded RoutePredicateFactory [Host]
2025-10-05T22:25:51.133+05:30  INFO 85368 --- [GATEWAY-SERVER] [  restartedMain] o.s.c.g.r.RouteDefinitionRouteLocator    : Loaded RoutePredicateFactory [Method]
2025-10-05T22:25:51.133+05:30  INFO 85368 --- [GATEWAY-SERVER] [  restartedMain] o.s.c.g.r.RouteDefinitionRouteLocator    : Loaded RoutePredicateFactory [Path]
2025-10-05T22:25:51.133+05:30  INFO 85368 --- [GATEWAY-SERVER] [  restartedMain] o.s.c.g.r.RouteDefinitionRouteLocator    : Loaded RoutePredicateFactory [Query]
2025-10-05T22:25:51.133+05:30  INFO 85368 --- [GATEWAY-SERVER] [  restartedMain] o.s.c.g.r.RouteDefinitionRouteLocator    : Loaded RoutePredicateFactory [ReadBody]
2025-10-05T22:25:51.133+05:30  INFO 85368 --- [GATEWAY-SERVER] [  restartedMain] o.s.c.g.r.RouteDefinitionRouteLocator    : Loaded RoutePredicateFactory [RemoteAddr]
2025-10-05T22:25:51.134+05:30  INFO 85368 --- [GATEWAY-SERVER] [  restartedMain] o.s.c.g.r.RouteDefinitionRouteLocator    : Loaded RoutePredicateFactory [XForwardedRemoteAddr]
2025-10-05T22:25:51.134+05:30  INFO 85368 --- [GATEWAY-SERVER] [  restartedMain] o.s.c.g.r.RouteDefinitionRouteLocator    : Loaded RoutePredicateFactory [Weight]
2025-10-05T22:25:51.134+05:30  INFO 85368 --- [GATEWAY-SERVER] [  restartedMain] o.s.c.g.r.RouteDefinitionRouteLocator    : Loaded RoutePredicateFactory [CloudFoundryRouteService]
2025-10-05T22:25:51.395+05:30  WARN 85368 --- [GATEWAY-SERVER] [  restartedMain] o.s.b.d.a.OptionalLiveReloadServer       : Unable to start LiveReload server
2025-10-05T22:25:51.431+05:30  INFO 85368 --- [GATEWAY-SERVER] [  restartedMain] DiscoveryClientOptionalArgsConfiguration : Eureka HTTP Client uses RestTemplate.
2025-10-05T22:25:51.463+05:30  WARN 85368 --- [GATEWAY-SERVER] [  restartedMain] iguration$LoadBalancerCaffeineWarnLogger : Spring Cloud LoadBalancer is currently working with the default cache. While this cache implementation is useful for development and tests, it's recommended to use Caffeine cache in production.You can switch to using Caffeine cache, by adding it and org.springframework.cache.caffeine.CaffeineCacheManager to the classpath.
2025-10-05T22:25:51.504+05:30  INFO 85368 --- [GATEWAY-SERVER] [  restartedMain] o.s.c.n.eureka.InstanceInfoFactory       : Setting initial instance status as: STARTING
2025-10-05T22:25:51.539+05:30  INFO 85368 --- [GATEWAY-SERVER] [  restartedMain] com.netflix.discovery.DiscoveryClient    : Initializing Eureka in region us-east-1
2025-10-05T22:25:51.549+05:30  INFO 85368 --- [GATEWAY-SERVER] [  restartedMain] c.n.d.s.r.aws.ConfigClusterResolver      : Resolving eureka endpoints via configuration
2025-10-05T22:25:51.561+05:30  INFO 85368 --- [GATEWAY-SERVER] [  restartedMain] com.netflix.discovery.DiscoveryClient    : Disable delta property : false
2025-10-05T22:25:51.561+05:30  INFO 85368 --- [GATEWAY-SERVER] [  restartedMain] com.netflix.discovery.DiscoveryClient    : Single vip registry refresh property : null
2025-10-05T22:25:51.561+05:30  INFO 85368 --- [GATEWAY-SERVER] [  restartedMain] com.netflix.discovery.DiscoveryClient    : Force full registry fetch : false
2025-10-05T22:25:51.561+05:30  INFO 85368 --- [GATEWAY-SERVER] [  restartedMain] com.netflix.discovery.DiscoveryClient    : Application is null : false
2025-10-05T22:25:51.561+05:30  INFO 85368 --- [GATEWAY-SERVER] [  restartedMain] com.netflix.discovery.DiscoveryClient    : Registered Applications size is zero : true
2025-10-05T22:25:51.561+05:30  INFO 85368 --- [GATEWAY-SERVER] [  restartedMain] com.netflix.discovery.DiscoveryClient    : Application version is -1: true
2025-10-05T22:25:51.562+05:30  INFO 85368 --- [GATEWAY-SERVER] [  restartedMain] com.netflix.discovery.DiscoveryClient    : Getting all instance registry info from the eureka server
2025-10-05T22:25:51.968+05:30  INFO 85368 --- [GATEWAY-SERVER] [  restartedMain] com.netflix.discovery.DiscoveryClient    : The response status is 200
2025-10-05T22:25:51.971+05:30  INFO 85368 --- [GATEWAY-SERVER] [  restartedMain] com.netflix.discovery.DiscoveryClient    : Starting heartbeat executor: renew interval is: 30
2025-10-05T22:25:51.973+05:30  INFO 85368 --- [GATEWAY-SERVER] [  restartedMain] c.n.discovery.InstanceInfoReplicator     : InstanceInfoReplicator onDemand update allowed rate per min is 4
2025-10-05T22:25:51.975+05:30  INFO 85368 --- [GATEWAY-SERVER] [  restartedMain] com.netflix.discovery.DiscoveryClient    : Discovery Client initialized at timestamp 1759683351974 with initial instances count: 8
2025-10-05T22:25:51.978+05:30  INFO 85368 --- [GATEWAY-SERVER] [  restartedMain] o.s.c.n.e.s.EurekaServiceRegistry        : Registering application GATEWAY-SERVER with eureka with status UP
2025-10-05T22:25:51.978+05:30  INFO 85368 --- [GATEWAY-SERVER] [  restartedMain] com.netflix.discovery.DiscoveryClient    : Saw local status change event StatusChangeEvent [timestamp=1759683351978, current=UP, previous=STARTING]
2025-10-05T22:25:51.983+05:30  INFO 85368 --- [GATEWAY-SERVER] [foReplicator-%d] com.netflix.discovery.DiscoveryClient    : DiscoveryClient_GATEWAY-SERVER/192.168.29.109:GATEWAY-SERVER:8085: registering service...
2025-10-05T22:25:52.026+05:30  INFO 85368 --- [GATEWAY-SERVER] [foReplicator-%d] com.netflix.discovery.DiscoveryClient    : DiscoveryClient_GATEWAY-SERVER/192.168.29.109:GATEWAY-SERVER:8085 - registration status: 204
2025-10-05T22:25:52.213+05:30  INFO 85368 --- [GATEWAY-SERVER] [  restartedMain] o.s.b.web.embedded.netty.NettyWebServer  : Netty started on port 8085 (http)
2025-10-05T22:25:52.215+05:30  INFO 85368 --- [GATEWAY-SERVER] [  restartedMain] .s.c.n.e.s.EurekaAutoServiceRegistration : Updating port to 8085
2025-10-05T22:25:52.256+05:30  INFO 85368 --- [GATEWAY-SERVER] [  restartedMain] c.m.G.Server.GatewayServerApplication    : Started GatewayServerApplication in 4.002 seconds (process running for 4.754)
2025-10-05T22:30:51.586+05:30  INFO 85368 --- [GATEWAY-SERVER] [rap-executor-%d] c.n.d.s.r.aws.ConfigClusterResolver      : Resolving eureka endpoints via configuration
