[INFO] Scanning for projects...
[INFO] 
[INFO] --------------------< com.mohitmac:Payment-Service >--------------------
[INFO] Building Payment-Service 0.0.1-SNAPSHOT
[INFO]   from pom.xml
[INFO] --------------------------------[ jar ]---------------------------------
[INFO] 
[INFO] >>> spring-boot:3.4.3:run (default-cli) > test-compile @ Payment-Service >>>
[INFO] 
[INFO] --- resources:3.3.1:resources (default-resources) @ Payment-Service ---
[INFO] Copying 1 resource from src/main/resources to target/classes
[INFO] Copying 0 resource from src/main/resources to target/classes
[INFO] 
[INFO] --- compiler:3.13.0:compile (default-compile) @ Payment-Service ---
[INFO] Recompiling the module because of changed source code.
[INFO] Compiling 18 source files with javac [debug parameters release 17] to target/classes
[INFO] 
[INFO] --- resources:3.3.1:testResources (default-testResources) @ Payment-Service ---
[INFO] skip non existing resourceDirectory /Users/mohit/salon_microservices/Payment-Service/src/test/resources
[INFO] 
[INFO] --- compiler:3.13.0:testCompile (default-testCompile) @ Payment-Service ---
[INFO] Recompiling the module because of changed dependency.
[INFO] Compiling 1 source file with javac [debug parameters release 17] to target/test-classes
[INFO] 
[INFO] <<< spring-boot:3.4.3:run (default-cli) < test-compile @ Payment-Service <<<
[INFO] 
[INFO] 
[INFO] --- spring-boot:3.4.3:run (default-cli) @ Payment-Service ---
[INFO] Attaching agents: []

  .   ____          _            __ _ _
 /\\ / ___'_ __ _ _(_)_ __  __ _ \ \ \ \
( ( )\___ | '_ | '_| | '_ \/ _` | \ \ \ \
 \\/  ___)| |_)| | | | | || (_| |  ) ) ) )
  '  |____| .__|_| |_|_| |_\__, | / / / /
 =========|_|==============|___/=/_/_/_/

 :: Spring Boot ::                (v3.4.3)

2025-10-10T00:58:22.221+05:30  INFO 58500 --- [PAYMENT-SERVICE] [  restartedMain] c.m.P.Service.PaymentServiceApplication  : Starting PaymentServiceApplication using Java 17.0.16 with PID 58500 (/Users/mohit/salon_microservices/Payment-Service/target/classes started by mohit in /Users/mohit/salon_microservices/Payment-Service)
2025-10-10T00:58:22.225+05:30  INFO 58500 --- [PAYMENT-SERVICE] [  restartedMain] c.m.P.Service.PaymentServiceApplication  : No active profile set, falling back to 1 default profile: "default"
2025-10-10T00:58:22.298+05:30  INFO 58500 --- [PAYMENT-SERVICE] [  restartedMain] .e.DevToolsPropertyDefaultsPostProcessor : Devtools property defaults active! Set 'spring.devtools.add-properties' to 'false' to disable
2025-10-10T00:58:22.298+05:30  INFO 58500 --- [PAYMENT-SERVICE] [  restartedMain] .e.DevToolsPropertyDefaultsPostProcessor : For additional web related logging consider setting the 'logging.level.web' property to 'DEBUG'
2025-10-10T00:58:24.846+05:30  INFO 58500 --- [PAYMENT-SERVICE] [  restartedMain] .s.d.r.c.RepositoryConfigurationDelegate : Bootstrapping Spring Data JPA repositories in DEFAULT mode.
2025-10-10T00:58:25.340+05:30  INFO 58500 --- [PAYMENT-SERVICE] [  restartedMain] .s.d.r.c.RepositoryConfigurationDelegate : Finished Spring Data repository scanning in 475 ms. Found 1 JPA repository interface.
2025-10-10T00:58:25.889+05:30  INFO 58500 --- [PAYMENT-SERVICE] [  restartedMain] o.s.cloud.context.scope.GenericScope     : BeanFactory id=4acc1427-4fec-34e0-86e6-29027326740b
2025-10-10T00:58:28.130+05:30  INFO 58500 --- [PAYMENT-SERVICE] [  restartedMain] o.s.b.w.embedded.tomcat.TomcatWebServer  : Tomcat initialized with port 5006 (http)
2025-10-10T00:58:28.153+05:30  INFO 58500 --- [PAYMENT-SERVICE] [  restartedMain] o.apache.catalina.core.StandardService   : Starting service [Tomcat]
2025-10-10T00:58:28.154+05:30  INFO 58500 --- [PAYMENT-SERVICE] [  restartedMain] o.apache.catalina.core.StandardEngine    : Starting Servlet engine: [Apache Tomcat/10.1.36]
2025-10-10T00:58:28.257+05:30  INFO 58500 --- [PAYMENT-SERVICE] [  restartedMain] o.a.c.c.C.[Tomcat].[localhost].[/]       : Initializing Spring embedded WebApplicationContext
2025-10-10T00:58:28.259+05:30  INFO 58500 --- [PAYMENT-SERVICE] [  restartedMain] w.s.c.ServletWebServerApplicationContext : Root WebApplicationContext: initialization completed in 5959 ms
2025-10-10T00:58:28.935+05:30  INFO 58500 --- [PAYMENT-SERVICE] [  restartedMain] o.hibernate.jpa.internal.util.LogHelper  : HHH000204: Processing PersistenceUnitInfo [name: default]
2025-10-10T00:58:29.093+05:30  INFO 58500 --- [PAYMENT-SERVICE] [  restartedMain] org.hibernate.Version                    : HHH000412: Hibernate ORM core version 6.6.8.Final
2025-10-10T00:58:29.148+05:30  INFO 58500 --- [PAYMENT-SERVICE] [  restartedMain] o.h.c.internal.RegionFactoryInitiator    : HHH000026: Second-level cache disabled
2025-10-10T00:58:29.567+05:30  INFO 58500 --- [PAYMENT-SERVICE] [  restartedMain] o.s.o.j.p.SpringPersistenceUnitInfo      : No LoadTimeWeaver setup: ignoring JPA class transformer
2025-10-10T00:58:29.607+05:30  INFO 58500 --- [PAYMENT-SERVICE] [  restartedMain] com.zaxxer.hikari.HikariDataSource       : HikariPool-1 - Starting...
2025-10-10T00:58:29.871+05:30  INFO 58500 --- [PAYMENT-SERVICE] [  restartedMain] com.zaxxer.hikari.pool.HikariPool        : HikariPool-1 - Added connection org.postgresql.jdbc.PgConnection@4eb9e802
2025-10-10T00:58:29.874+05:30  INFO 58500 --- [PAYMENT-SERVICE] [  restartedMain] com.zaxxer.hikari.HikariDataSource       : HikariPool-1 - Start completed.
2025-10-10T00:58:30.009+05:30  INFO 58500 --- [PAYMENT-SERVICE] [  restartedMain] org.hibernate.orm.connections.pooling    : HHH10001005: Database info:
	Database JDBC URL [Connecting through datasource 'HikariDataSource (HikariPool-1)']
	Database driver: undefined/unknown
	Database version: 17.4
	Autocommit mode: undefined/unknown
	Isolation level: undefined/unknown
	Minimum pool size: undefined/unknown
	Maximum pool size: undefined/unknown
2025-10-10T00:58:31.714+05:30  INFO 58500 --- [PAYMENT-SERVICE] [  restartedMain] o.h.e.t.j.p.i.JtaPlatformInitiator       : HHH000489: No JTA platform available (set 'hibernate.transaction.jta.platform' to enable JTA platform integration)
2025-10-10T00:58:31.791+05:30  INFO 58500 --- [PAYMENT-SERVICE] [  restartedMain] j.LocalContainerEntityManagerFactoryBean : Initialized JPA EntityManagerFactory for persistence unit 'default'
2025-10-10T00:58:32.434+05:30  WARN 58500 --- [PAYMENT-SERVICE] [  restartedMain] JpaBaseConfiguration$JpaWebConfiguration : spring.jpa.open-in-view is enabled by default. Therefore, database queries may be performed during view rendering. Explicitly configure spring.jpa.open-in-view to disable this warning
2025-10-10T00:58:33.656+05:30  WARN 58500 --- [PAYMENT-SERVICE] [  restartedMain] o.s.b.d.a.OptionalLiveReloadServer       : Unable to start LiveReload server
2025-10-10T00:58:33.713+05:30  INFO 58500 --- [PAYMENT-SERVICE] [  restartedMain] DiscoveryClientOptionalArgsConfiguration : Eureka HTTP Client uses RestTemplate.
2025-10-10T00:58:33.807+05:30  WARN 58500 --- [PAYMENT-SERVICE] [  restartedMain] iguration$LoadBalancerCaffeineWarnLogger : Spring Cloud LoadBalancer is currently working with the default cache. While this cache implementation is useful for development and tests, it's recommended to use Caffeine cache in production.You can switch to using Caffeine cache, by adding it and org.springframework.cache.caffeine.CaffeineCacheManager to the classpath.
2025-10-10T00:58:33.824+05:30  INFO 58500 --- [PAYMENT-SERVICE] [  restartedMain] o.s.b.a.e.web.EndpointLinksResolver      : Exposing 1 endpoint beneath base path '/actuator'
2025-10-10T00:58:33.923+05:30  INFO 58500 --- [PAYMENT-SERVICE] [  restartedMain] o.s.c.n.eureka.InstanceInfoFactory       : Setting initial instance status as: STARTING
2025-10-10T00:58:33.956+05:30  INFO 58500 --- [PAYMENT-SERVICE] [  restartedMain] com.netflix.discovery.DiscoveryClient    : Initializing Eureka in region us-east-1
2025-10-10T00:58:33.961+05:30  INFO 58500 --- [PAYMENT-SERVICE] [  restartedMain] c.n.d.s.r.aws.ConfigClusterResolver      : Resolving eureka endpoints via configuration
2025-10-10T00:58:33.975+05:30  INFO 58500 --- [PAYMENT-SERVICE] [  restartedMain] com.netflix.discovery.DiscoveryClient    : Disable delta property : false
2025-10-10T00:58:33.975+05:30  INFO 58500 --- [PAYMENT-SERVICE] [  restartedMain] com.netflix.discovery.DiscoveryClient    : Single vip registry refresh property : null
2025-10-10T00:58:33.975+05:30  INFO 58500 --- [PAYMENT-SERVICE] [  restartedMain] com.netflix.discovery.DiscoveryClient    : Force full registry fetch : false
2025-10-10T00:58:33.975+05:30  INFO 58500 --- [PAYMENT-SERVICE] [  restartedMain] com.netflix.discovery.DiscoveryClient    : Application is null : false
2025-10-10T00:58:33.975+05:30  INFO 58500 --- [PAYMENT-SERVICE] [  restartedMain] com.netflix.discovery.DiscoveryClient    : Registered Applications size is zero : true
2025-10-10T00:58:33.976+05:30  INFO 58500 --- [PAYMENT-SERVICE] [  restartedMain] com.netflix.discovery.DiscoveryClient    : Application version is -1: true
2025-10-10T00:58:33.976+05:30  INFO 58500 --- [PAYMENT-SERVICE] [  restartedMain] com.netflix.discovery.DiscoveryClient    : Getting all instance registry info from the eureka server
2025-10-10T00:58:34.488+05:30  INFO 58500 --- [PAYMENT-SERVICE] [  restartedMain] com.netflix.discovery.DiscoveryClient    : The response status is 200
2025-10-10T00:58:34.490+05:30  INFO 58500 --- [PAYMENT-SERVICE] [  restartedMain] com.netflix.discovery.DiscoveryClient    : Starting heartbeat executor: renew interval is: 30
2025-10-10T00:58:34.493+05:30  INFO 58500 --- [PAYMENT-SERVICE] [  restartedMain] c.n.discovery.InstanceInfoReplicator     : InstanceInfoReplicator onDemand update allowed rate per min is 4
2025-10-10T00:58:34.494+05:30  INFO 58500 --- [PAYMENT-SERVICE] [  restartedMain] com.netflix.discovery.DiscoveryClient    : Discovery Client initialized at timestamp 1760038114494 with initial instances count: 2
2025-10-10T00:58:34.504+05:30  INFO 58500 --- [PAYMENT-SERVICE] [  restartedMain] o.s.c.n.e.s.EurekaServiceRegistry        : Registering application PAYMENT-SERVICE with eureka with status UP
2025-10-10T00:58:34.504+05:30  INFO 58500 --- [PAYMENT-SERVICE] [  restartedMain] com.netflix.discovery.DiscoveryClient    : Saw local status change event StatusChangeEvent [timestamp=1760038114504, current=UP, previous=STARTING]
2025-10-10T00:58:34.507+05:30  INFO 58500 --- [PAYMENT-SERVICE] [foReplicator-%d] com.netflix.discovery.DiscoveryClient    : DiscoveryClient_PAYMENT-SERVICE/192.168.29.109:PAYMENT-SERVICE:5006: registering service...
2025-10-10T00:58:34.529+05:30  INFO 58500 --- [PAYMENT-SERVICE] [  restartedMain] o.s.b.w.embedded.tomcat.TomcatWebServer  : Tomcat started on port 5006 (http) with context path '/'
2025-10-10T00:58:34.530+05:30  INFO 58500 --- [PAYMENT-SERVICE] [  restartedMain] .s.c.n.e.s.EurekaAutoServiceRegistration : Updating port to 5006
2025-10-10T00:58:34.565+05:30  INFO 58500 --- [PAYMENT-SERVICE] [  restartedMain] c.m.P.Service.PaymentServiceApplication  : Started PaymentServiceApplication in 13.384 seconds (process running for 15.372)
2025-10-10T00:58:34.567+05:30  INFO 58500 --- [PAYMENT-SERVICE] [foReplicator-%d] com.netflix.discovery.DiscoveryClient    : DiscoveryClient_PAYMENT-SERVICE/192.168.29.109:PAYMENT-SERVICE:5006 - registration status: 204
2025-10-10T01:00:42.094+05:30  INFO 58500 --- [PAYMENT-SERVICE] [nio-5006-exec-1] o.a.c.c.C.[Tomcat].[localhost].[/]       : Initializing Spring DispatcherServlet 'dispatcherServlet'
2025-10-10T01:00:42.098+05:30  INFO 58500 --- [PAYMENT-SERVICE] [nio-5006-exec-1] o.s.web.servlet.DispatcherServlet        : Initializing Servlet 'dispatcherServlet'
2025-10-10T01:00:42.119+05:30  INFO 58500 --- [PAYMENT-SERVICE] [nio-5006-exec-1] o.s.web.servlet.DispatcherServlet        : Completed initialization in 20 ms
2025-10-10T01:03:34.011+05:30  INFO 58500 --- [PAYMENT-SERVICE] [rap-executor-%d] c.n.d.s.r.aws.ConfigClusterResolver      : Resolving eureka endpoints via configuration
2025-10-10T01:08:34.051+05:30  INFO 58500 --- [PAYMENT-SERVICE] [rap-executor-%d] c.n.d.s.r.aws.ConfigClusterResolver      : Resolving eureka endpoints via configuration
2025-10-10T01:13:34.072+05:30  INFO 58500 --- [PAYMENT-SERVICE] [rap-executor-%d] c.n.d.s.r.aws.ConfigClusterResolver      : Resolving eureka endpoints via configuration
2025-10-10T01:18:34.197+05:30  INFO 58500 --- [PAYMENT-SERVICE] [rap-executor-%d] c.n.d.s.r.aws.ConfigClusterResolver      : Resolving eureka endpoints via configuration
2025-10-10T01:23:34.210+05:30  INFO 58500 --- [PAYMENT-SERVICE] [rap-executor-%d] c.n.d.s.r.aws.ConfigClusterResolver      : Resolving eureka endpoints via configuration
2025-10-10T01:28:34.229+05:30  INFO 58500 --- [PAYMENT-SERVICE] [rap-executor-%d] c.n.d.s.r.aws.ConfigClusterResolver      : Resolving eureka endpoints via configuration
2025-10-10T01:33:34.244+05:30  INFO 58500 --- [PAYMENT-SERVICE] [rap-executor-%d] c.n.d.s.r.aws.ConfigClusterResolver      : Resolving eureka endpoints via configuration
2025-10-10T01:38:34.255+05:30  INFO 58500 --- [PAYMENT-SERVICE] [rap-executor-%d] c.n.d.s.r.aws.ConfigClusterResolver      : Resolving eureka endpoints via configuration
2025-10-10T01:43:34.271+05:30  INFO 58500 --- [PAYMENT-SERVICE] [rap-executor-%d] c.n.d.s.r.aws.ConfigClusterResolver      : Resolving eureka endpoints via configuration
2025-10-10T01:48:34.292+05:30  INFO 58500 --- [PAYMENT-SERVICE] [rap-executor-%d] c.n.d.s.r.aws.ConfigClusterResolver      : Resolving eureka endpoints via configuration
2025-10-10T01:53:34.293+05:30  INFO 58500 --- [PAYMENT-SERVICE] [rap-executor-%d] c.n.d.s.r.aws.ConfigClusterResolver      : Resolving eureka endpoints via configuration
2025-10-10T01:58:34.309+05:30  INFO 58500 --- [PAYMENT-SERVICE] [rap-executor-%d] c.n.d.s.r.aws.ConfigClusterResolver      : Resolving eureka endpoints via configuration
