[INFO] Scanning for projects...
[INFO] 
[INFO] ----------------------< com.mohitmac:userService >----------------------
[INFO] Building userService 0.0.1-SNAPSHOT
[INFO]   from pom.xml
[INFO] --------------------------------[ jar ]---------------------------------
[INFO] 
[INFO] >>> spring-boot:3.4.3:run (default-cli) > test-compile @ userService >>>
[INFO] 
[INFO] --- resources:3.3.1:resources (default-resources) @ userService ---
[INFO] Copying 1 resource from src/main/resources to target/classes
[INFO] Copying 0 resource from src/main/resources to target/classes
[INFO] 
[INFO] --- compiler:3.13.0:compile (default-compile) @ userService ---
[INFO] Recompiling the module because of changed source code.
[INFO] Compiling 24 source files with javac [debug parameters release 17] to target/classes
[INFO] 
[INFO] --- resources:3.3.1:testResources (default-testResources) @ userService ---
[INFO] skip non existing resourceDirectory /Users/mohit/salon_microservices/userService/src/test/resources
[INFO] 
[INFO] --- compiler:3.13.0:testCompile (default-testCompile) @ userService ---
[INFO] Recompiling the module because of changed dependency.
[INFO] Compiling 1 source file with javac [debug parameters release 17] to target/test-classes
[INFO] 
[INFO] <<< spring-boot:3.4.3:run (default-cli) < test-compile @ userService <<<
[INFO] 
[INFO] 
[INFO] --- spring-boot:3.4.3:run (default-cli) @ userService ---
[INFO] Attaching agents: []

  .   ____          _            __ _ _
 /\\ / ___'_ __ _ _(_)_ __  __ _ \ \ \ \
( ( )\___ | '_ | '_| | '_ \/ _` | \ \ \ \
 \\/  ___)| |_)| | | | | || (_| |  ) ) ) )
  '  |____| .__|_| |_|_| |_\__, | / / / /
 =========|_|==============|___/=/_/_/_/

 :: Spring Boot ::                (v3.4.3)

2025-10-11T19:54:22.743+05:30  INFO 11378 --- [userService] [  restartedMain] c.m.userService.UserServiceApplication   : Starting UserServiceApplication using Java 17.0.16 with PID 11378 (/Users/mohit/salon_microservices/userService/target/classes started by mohit in /Users/mohit/salon_microservices/userService)
2025-10-11T19:54:22.747+05:30  INFO 11378 --- [userService] [  restartedMain] c.m.userService.UserServiceApplication   : No active profile set, falling back to 1 default profile: "default"
2025-10-11T19:54:22.903+05:30  INFO 11378 --- [userService] [  restartedMain] .e.DevToolsPropertyDefaultsPostProcessor : Devtools property defaults active! Set 'spring.devtools.add-properties' to 'false' to disable
2025-10-11T19:54:22.904+05:30  INFO 11378 --- [userService] [  restartedMain] .e.DevToolsPropertyDefaultsPostProcessor : For additional web related logging consider setting the 'logging.level.web' property to 'DEBUG'
2025-10-11T19:54:24.630+05:30  INFO 11378 --- [userService] [  restartedMain] .s.d.r.c.RepositoryConfigurationDelegate : Bootstrapping Spring Data JPA repositories in DEFAULT mode.
2025-10-11T19:54:24.948+05:30  INFO 11378 --- [userService] [  restartedMain] .s.d.r.c.RepositoryConfigurationDelegate : Finished Spring Data repository scanning in 298 ms. Found 1 JPA repository interface.
2025-10-11T19:54:26.544+05:30  INFO 11378 --- [userService] [  restartedMain] o.s.cloud.context.scope.GenericScope     : BeanFactory id=bbd59973-54e5-3e30-8069-e7964bbf4bf7
2025-10-11T19:54:27.974+05:30  INFO 11378 --- [userService] [  restartedMain] o.s.b.w.embedded.tomcat.TomcatWebServer  : Tomcat initialized with port 5001 (http)
2025-10-11T19:54:28.001+05:30  INFO 11378 --- [userService] [  restartedMain] o.apache.catalina.core.StandardService   : Starting service [Tomcat]
2025-10-11T19:54:28.002+05:30  INFO 11378 --- [userService] [  restartedMain] o.apache.catalina.core.StandardEngine    : Starting Servlet engine: [Apache Tomcat/10.1.36]
2025-10-11T19:54:28.083+05:30  INFO 11378 --- [userService] [  restartedMain] o.a.c.c.C.[Tomcat].[localhost].[/]       : Initializing Spring embedded WebApplicationContext
2025-10-11T19:54:28.085+05:30  INFO 11378 --- [userService] [  restartedMain] w.s.c.ServletWebServerApplicationContext : Root WebApplicationContext: initialization completed in 5179 ms
2025-10-11T19:54:28.853+05:30  INFO 11378 --- [userService] [  restartedMain] o.hibernate.jpa.internal.util.LogHelper  : HHH000204: Processing PersistenceUnitInfo [name: default]
2025-10-11T19:54:28.945+05:30  INFO 11378 --- [userService] [  restartedMain] org.hibernate.Version                    : HHH000412: Hibernate ORM core version 6.6.8.Final
2025-10-11T19:54:28.999+05:30  INFO 11378 --- [userService] [  restartedMain] o.h.c.internal.RegionFactoryInitiator    : HHH000026: Second-level cache disabled
2025-10-11T19:54:29.445+05:30  INFO 11378 --- [userService] [  restartedMain] o.s.o.j.p.SpringPersistenceUnitInfo      : No LoadTimeWeaver setup: ignoring JPA class transformer
2025-10-11T19:54:29.498+05:30  INFO 11378 --- [userService] [  restartedMain] com.zaxxer.hikari.HikariDataSource       : HikariPool-1 - Starting...
2025-10-11T19:54:29.758+05:30  INFO 11378 --- [userService] [  restartedMain] com.zaxxer.hikari.pool.HikariPool        : HikariPool-1 - Added connection org.postgresql.jdbc.PgConnection@265888a
2025-10-11T19:54:29.760+05:30  INFO 11378 --- [userService] [  restartedMain] com.zaxxer.hikari.HikariDataSource       : HikariPool-1 - Start completed.
2025-10-11T19:54:29.848+05:30  INFO 11378 --- [userService] [  restartedMain] org.hibernate.orm.connections.pooling    : HHH10001005: Database info:
	Database JDBC URL [Connecting through datasource 'HikariDataSource (HikariPool-1)']
	Database driver: undefined/unknown
	Database version: 17.4
	Autocommit mode: undefined/unknown
	Isolation level: undefined/unknown
	Minimum pool size: undefined/unknown
	Maximum pool size: undefined/unknown
2025-10-11T19:54:31.383+05:30  INFO 11378 --- [userService] [  restartedMain] o.h.e.t.j.p.i.JtaPlatformInitiator       : HHH000489: No JTA platform available (set 'hibernate.transaction.jta.platform' to enable JTA platform integration)
2025-10-11T19:54:31.460+05:30  INFO 11378 --- [userService] [  restartedMain] j.LocalContainerEntityManagerFactoryBean : Initialized JPA EntityManagerFactory for persistence unit 'default'
2025-10-11T19:54:32.155+05:30  WARN 11378 --- [userService] [  restartedMain] JpaBaseConfiguration$JpaWebConfiguration : spring.jpa.open-in-view is enabled by default. Therefore, database queries may be performed during view rendering. Explicitly configure spring.jpa.open-in-view to disable this warning
2025-10-11T19:54:33.414+05:30  WARN 11378 --- [userService] [  restartedMain] o.s.b.d.a.OptionalLiveReloadServer       : Unable to start LiveReload server
2025-10-11T19:54:33.471+05:30  INFO 11378 --- [userService] [  restartedMain] DiscoveryClientOptionalArgsConfiguration : Eureka HTTP Client uses RestTemplate.
2025-10-11T19:54:33.555+05:30  WARN 11378 --- [userService] [  restartedMain] iguration$LoadBalancerCaffeineWarnLogger : Spring Cloud LoadBalancer is currently working with the default cache. While this cache implementation is useful for development and tests, it's recommended to use Caffeine cache in production.You can switch to using Caffeine cache, by adding it and org.springframework.cache.caffeine.CaffeineCacheManager to the classpath.
2025-10-11T19:54:33.566+05:30  INFO 11378 --- [userService] [  restartedMain] o.s.b.a.e.web.EndpointLinksResolver      : Exposing 1 endpoint beneath base path '/actuator'
2025-10-11T19:54:33.657+05:30  INFO 11378 --- [userService] [  restartedMain] o.s.c.n.eureka.InstanceInfoFactory       : Setting initial instance status as: STARTING
2025-10-11T19:54:33.682+05:30  INFO 11378 --- [userService] [  restartedMain] com.netflix.discovery.DiscoveryClient    : Initializing Eureka in region us-east-1
2025-10-11T19:54:33.685+05:30  INFO 11378 --- [userService] [  restartedMain] c.n.d.s.r.aws.ConfigClusterResolver      : Resolving eureka endpoints via configuration
2025-10-11T19:54:33.694+05:30  INFO 11378 --- [userService] [  restartedMain] com.netflix.discovery.DiscoveryClient    : Disable delta property : false
2025-10-11T19:54:33.694+05:30  INFO 11378 --- [userService] [  restartedMain] com.netflix.discovery.DiscoveryClient    : Single vip registry refresh property : null
2025-10-11T19:54:33.694+05:30  INFO 11378 --- [userService] [  restartedMain] com.netflix.discovery.DiscoveryClient    : Force full registry fetch : false
2025-10-11T19:54:33.694+05:30  INFO 11378 --- [userService] [  restartedMain] com.netflix.discovery.DiscoveryClient    : Application is null : false
2025-10-11T19:54:33.694+05:30  INFO 11378 --- [userService] [  restartedMain] com.netflix.discovery.DiscoveryClient    : Registered Applications size is zero : true
2025-10-11T19:54:33.694+05:30  INFO 11378 --- [userService] [  restartedMain] com.netflix.discovery.DiscoveryClient    : Application version is -1: true
2025-10-11T19:54:33.695+05:30  INFO 11378 --- [userService] [  restartedMain] com.netflix.discovery.DiscoveryClient    : Getting all instance registry info from the eureka server
2025-10-11T19:54:34.076+05:30  INFO 11378 --- [userService] [  restartedMain] com.netflix.discovery.DiscoveryClient    : The response status is 200
2025-10-11T19:54:34.078+05:30  INFO 11378 --- [userService] [  restartedMain] com.netflix.discovery.DiscoveryClient    : Starting heartbeat executor: renew interval is: 30
2025-10-11T19:54:34.081+05:30  INFO 11378 --- [userService] [  restartedMain] c.n.discovery.InstanceInfoReplicator     : InstanceInfoReplicator onDemand update allowed rate per min is 4
2025-10-11T19:54:34.083+05:30  INFO 11378 --- [userService] [  restartedMain] com.netflix.discovery.DiscoveryClient    : Discovery Client initialized at timestamp 1760192674082 with initial instances count: 1
2025-10-11T19:54:34.090+05:30  INFO 11378 --- [userService] [  restartedMain] o.s.c.n.e.s.EurekaServiceRegistry        : Registering application USERSERVICE with eureka with status UP
2025-10-11T19:54:34.091+05:30  INFO 11378 --- [userService] [  restartedMain] com.netflix.discovery.DiscoveryClient    : Saw local status change event StatusChangeEvent [timestamp=1760192674091, current=UP, previous=STARTING]
2025-10-11T19:54:34.093+05:30  INFO 11378 --- [userService] [foReplicator-%d] com.netflix.discovery.DiscoveryClient    : DiscoveryClient_USERSERVICE/192.168.29.109:userService:5001: registering service...
2025-10-11T19:54:34.114+05:30  INFO 11378 --- [userService] [  restartedMain] o.s.b.w.embedded.tomcat.TomcatWebServer  : Tomcat started on port 5001 (http) with context path '/'
2025-10-11T19:54:34.115+05:30  INFO 11378 --- [userService] [  restartedMain] .s.c.n.e.s.EurekaAutoServiceRegistration : Updating port to 5001
2025-10-11T19:54:34.136+05:30  INFO 11378 --- [userService] [foReplicator-%d] com.netflix.discovery.DiscoveryClient    : DiscoveryClient_USERSERVICE/192.168.29.109:userService:5001 - registration status: 204
2025-10-11T19:54:34.149+05:30  INFO 11378 --- [userService] [  restartedMain] c.m.userService.UserServiceApplication   : Started UserServiceApplication in 12.698 seconds (process running for 14.636)
2025-10-11T19:59:33.702+05:30  INFO 11378 --- [userService] [rap-executor-%d] c.n.d.s.r.aws.ConfigClusterResolver      : Resolving eureka endpoints via configuration
2025-10-11T20:04:33.712+05:30  INFO 11378 --- [userService] [rap-executor-%d] c.n.d.s.r.aws.ConfigClusterResolver      : Resolving eureka endpoints via configuration
2025-10-11T20:09:33.726+05:30  INFO 11378 --- [userService] [rap-executor-%d] c.n.d.s.r.aws.ConfigClusterResolver      : Resolving eureka endpoints via configuration
2025-10-11T20:14:33.739+05:30  INFO 11378 --- [userService] [rap-executor-%d] c.n.d.s.r.aws.ConfigClusterResolver      : Resolving eureka endpoints via configuration
2025-10-11T20:19:33.752+05:30  INFO 11378 --- [userService] [rap-executor-%d] c.n.d.s.r.aws.ConfigClusterResolver      : Resolving eureka endpoints via configuration
2025-10-11T20:24:33.766+05:30  INFO 11378 --- [userService] [rap-executor-%d] c.n.d.s.r.aws.ConfigClusterResolver      : Resolving eureka endpoints via configuration
2025-10-11T20:29:33.794+05:30  INFO 11378 --- [userService] [rap-executor-%d] c.n.d.s.r.aws.ConfigClusterResolver      : Resolving eureka endpoints via configuration
2025-10-11T20:34:33.823+05:30  INFO 11378 --- [userService] [rap-executor-%d] c.n.d.s.r.aws.ConfigClusterResolver      : Resolving eureka endpoints via configuration
2025-10-11T20:39:33.840+05:30  INFO 11378 --- [userService] [rap-executor-%d] c.n.d.s.r.aws.ConfigClusterResolver      : Resolving eureka endpoints via configuration
2025-10-11T20:44:33.854+05:30  INFO 11378 --- [userService] [rap-executor-%d] c.n.d.s.r.aws.ConfigClusterResolver      : Resolving eureka endpoints via configuration
2025-10-11T20:49:33.857+05:30  INFO 11378 --- [userService] [rap-executor-%d] c.n.d.s.r.aws.ConfigClusterResolver      : Resolving eureka endpoints via configuration
2025-10-11T20:54:33.866+05:30  INFO 11378 --- [userService] [rap-executor-%d] c.n.d.s.r.aws.ConfigClusterResolver      : Resolving eureka endpoints via configuration
2025-10-11T20:59:33.880+05:30  INFO 11378 --- [userService] [rap-executor-%d] c.n.d.s.r.aws.ConfigClusterResolver      : Resolving eureka endpoints via configuration
2025-10-11T21:04:33.886+05:30  INFO 11378 --- [userService] [rap-executor-%d] c.n.d.s.r.aws.ConfigClusterResolver      : Resolving eureka endpoints via configuration
2025-10-11T21:09:33.895+05:30  INFO 11378 --- [userService] [rap-executor-%d] c.n.d.s.r.aws.ConfigClusterResolver      : Resolving eureka endpoints via configuration
2025-10-11T21:14:33.911+05:30  INFO 11378 --- [userService] [rap-executor-%d] c.n.d.s.r.aws.ConfigClusterResolver      : Resolving eureka endpoints via configuration
2025-10-11T21:18:12.921+05:30  INFO 11378 --- [userService] [nio-5001-exec-1] o.a.c.c.C.[Tomcat].[localhost].[/]       : Initializing Spring DispatcherServlet 'dispatcherServlet'
2025-10-11T21:18:12.922+05:30  INFO 11378 --- [userService] [nio-5001-exec-1] o.s.web.servlet.DispatcherServlet        : Initializing Servlet 'dispatcherServlet'
2025-10-11T21:18:12.991+05:30  INFO 11378 --- [userService] [nio-5001-exec-1] o.s.web.servlet.DispatcherServlet        : Completed initialization in 68 ms
2025-10-11T21:18:13.643+05:30  WARN 11378 --- [userService] [nio-5001-exec-1] .m.m.a.ExceptionHandlerExceptionResolver : Resolved [java.lang.Exception: Authentication failed: I/O error on POST request for "http://localhost:8080/realms/master/protocol/openid-connect/token": Connection refused]
2025-10-11T21:19:06.061+05:30  WARN 11378 --- [userService] [nio-5001-exec-3] .m.m.a.ExceptionHandlerExceptionResolver : Resolved [java.lang.Exception: Authentication failed: I/O error on POST request for "http://localhost:8080/realms/master/protocol/openid-connect/token": Connection reset]
2025-10-11T21:19:09.753+05:30  WARN 11378 --- [userService] [nio-5001-exec-4] .m.m.a.ExceptionHandlerExceptionResolver : Resolved [java.lang.Exception: Authentication failed: I/O error on POST request for "http://localhost:8080/realms/master/protocol/openid-connect/token": Unexpected end of file from server]
2025-10-11T21:19:14.149+05:30  WARN 11378 --- [userService] [nio-5001-exec-5] .m.m.a.ExceptionHandlerExceptionResolver : Resolved [java.lang.Exception: Authentication failed: I/O error on POST request for "http://localhost:8080/realms/master/protocol/openid-connect/token": Unexpected end of file from server]
2025-10-11T21:19:15.772+05:30  WARN 11378 --- [userService] [nio-5001-exec-6] .m.m.a.ExceptionHandlerExceptionResolver : Resolved [java.lang.Exception: Authentication failed: I/O error on POST request for "http://localhost:8080/realms/master/protocol/openid-connect/token": Unexpected end of file from server]
2025-10-11T21:19:33.925+05:30  INFO 11378 --- [userService] [rap-executor-%d] c.n.d.s.r.aws.ConfigClusterResolver      : Resolving eureka endpoints via configuration
keycloak profile token Bearer eyJhbGciOiJSUzI1NiIsInR5cCIgOiAiSldUIiwia2lkIiA6ICI5aXRlT2NEUm80cWdjbHhzMVBQLVA3eVpYZVNDUVhpbFo3dTB6R2Z2cGcwIn0.eyJleHAiOjE3NjAyMzM3NjEsImlhdCI6MTc2MDE5Nzc2MSwianRpIjoib25ydHJvOjg0NmM4ODJiLTA3NzktMWU5NC02NDNlLWQ4NDg1N2I0NTYxNiIsImlzcyI6Imh0dHA6Ly9sb2NhbGhvc3Q6ODA4MC9yZWFsbXMvbWFzdGVyIiwiYXVkIjoiYWNjb3VudCIsInN1YiI6ImRjMDhkMGE0LTgwZmEtNDdjYy04MjIzLWI2OGY0YjY1YWM4YyIsInR5cCI6IkJlYXJlciIsImF6cCI6InNhbG9uLWJvb2tpbmctY2xpZW50Iiwic2lkIjoiMDg5MjhlOTUtOTk4MS00NWVmLWRhYjktMmE3ZTczZTQ2MjgxIiwiYWNyIjoiMSIsImFsbG93ZWQtb3JpZ2lucyI6WyIvKiJdLCJyZWFsbV9hY2Nlc3MiOnsicm9sZXMiOlsiZGVmYXVsdC1yb2xlcy1tYXN0ZXIiLCJvZmZsaW5lX2FjY2VzcyIsInVtYV9hdXRob3JpemF0aW9uIl19LCJyZXNvdXJjZV9hY2Nlc3MiOnsic2Fsb24tYm9va2luZy1jbGllbnQiOnsicm9sZXMiOlsiQ1VTVE9NRVIiXX0sImFjY291bnQiOnsicm9sZXMiOlsibWFuYWdlLWFjY291bnQiLCJtYW5hZ2UtYWNjb3VudC1saW5rcyIsInZpZXctcHJvZmlsZSJdfX0sInNjb3BlIjoib3BlbmlkIHByb2ZpbGUgZW1haWwiLCJlbWFpbF92ZXJpZmllZCI6ZmFsc2UsIm5hbWUiOiJ2aWxsYSIsInByZWZlcnJlZF91c2VybmFtZSI6InZpbGEiLCJnaXZlbl9uYW1lIjoidmlsbGEiLCJlbWFpbCI6InZpbGFAZ21haWwuY29tIn0.GW7TLEN4PkB4mLjSzz4yiRZDrDxgoiGJEfLIp14bXBR19TRECSe_vBGi6NvixKuaK50PRm1cm2oM5ZkPMfEr2szTpWuRmulmT5g8Q_sXo821ADYHnMBnu1DhgFne87ljRmrmvMJ65tjObSW0VTbZ5-2BBc-Z6fmq8OSDOre-pwjPSOzCItdq5iLRb1HqqDWFEGbE9Sb4Ra2E4aZF-UnWMyJzX8J98hBFcJoXroCEX1CZki2sP2c_JCH4iXMjbSw-xUadwVZRHwPYnPpQ2Z5LZ9jk1h3-BYIhD5xg7DLfE7rsQQNijS62Xh39o__ZHcG0YejPF7hTJe9MqUE1r9CdbA
2025-10-11T21:22:07.954+05:30  WARN 11378 --- [userService] [nio-5001-exec-2] .m.m.a.ExceptionHandlerExceptionResolver : Resolved [org.springframework.http.converter.HttpMessageNotReadableException: JSON parse error: Cannot deserialize value of type `com.mohitmac.userService.domain.UserRole` from String "SALON-OWNER": not one of the values accepted for Enum class: [SALON_OWNER, CUSTOMER, ADMIN]]
User created successfully
2025-10-11T21:22:26.131+05:30  WARN 11378 --- [userService] [nio-5001-exec-1] .m.m.a.ExceptionHandlerExceptionResolver : Resolved [org.springframework.web.client.HttpClientErrorException$NotFound: 404 Not Found on GET request for "http://localhost:8080/admin/realms/master/clients/f01375eb-3e6b-4b93-8220-df216fde2cf0/roles/SALON_OWNER": "{"error":"Could not find role"}"]
2025-10-11T21:22:45.901+05:30  WARN 11378 --- [userService] [nio-5001-exec-3] .m.m.a.ExceptionHandlerExceptionResolver : Resolved [org.springframework.web.client.HttpClientErrorException$Conflict: 409 Conflict on POST request for "http://localhost:8080/admin/realms/master/users": "{"errorMessage":"User exists with same email"}"]
User created successfully
2025-10-11T21:22:56.322+05:30  WARN 11378 --- [userService] [nio-5001-exec-4] .m.m.a.ExceptionHandlerExceptionResolver : Resolved [org.springframework.web.client.HttpClientErrorException$NotFound: 404 Not Found on GET request for "http://localhost:8080/admin/realms/master/clients/f01375eb-3e6b-4b93-8220-df216fde2cf0/roles/SALON_OWNER": "{"error":"Could not find role"}"]
2025-10-11T21:24:21.667+05:30  WARN 11378 --- [userService] [nio-5001-exec-7] .m.m.a.ExceptionHandlerExceptionResolver : Resolved [org.springframework.web.client.HttpClientErrorException$Conflict: 409 Conflict on POST request for "http://localhost:8080/admin/realms/master/users": "{"errorMessage":"User exists with same email"}"]
User created successfully
2025-10-11T21:24:33.938+05:30  INFO 11378 --- [userService] [rap-executor-%d] c.n.d.s.r.aws.ConfigClusterResolver      : Resolving eureka endpoints via configuration
keycloak profile token Bearer eyJhbGciOiJSUzI1NiIsInR5cCIgOiAiSldUIiwia2lkIiA6ICI5aXRlT2NEUm80cWdjbHhzMVBQLVA3eVpYZVNDUVhpbFo3dTB6R2Z2cGcwIn0.eyJleHAiOjE3NjAyMzQwOTEsImlhdCI6MTc2MDE5ODA5MSwianRpIjoib25ydHJvOjZjMjI5NDJjLTU5NWEtYjNjZC1iMTc1LWQ0NGRmNTI2OTRhMyIsImlzcyI6Imh0dHA6Ly9sb2NhbGhvc3Q6ODA4MC9yZWFsbXMvbWFzdGVyIiwiYXVkIjoiYWNjb3VudCIsInN1YiI6IjkxNGJiNzg2LTA4MGQtNGJjZS05ZjY5LTRiYTEzMzE4ODBlMSIsInR5cCI6IkJlYXJlciIsImF6cCI6InNhbG9uLWJvb2tpbmctY2xpZW50Iiwic2lkIjoiODUyMjFmNDEtMGE4ZS0zZDYwLTIwNjctODQwNWNjMDFlOWM4IiwiYWNyIjoiMSIsImFsbG93ZWQtb3JpZ2lucyI6WyIvKiJdLCJyZWFsbV9hY2Nlc3MiOnsicm9sZXMiOlsiZGVmYXVsdC1yb2xlcy1tYXN0ZXIiLCJvZmZsaW5lX2FjY2VzcyIsInVtYV9hdXRob3JpemF0aW9uIl19LCJyZXNvdXJjZV9hY2Nlc3MiOnsic2Fsb24tYm9va2luZy1jbGllbnQiOnsicm9sZXMiOlsiU0FMT05fT1dORVIiXX0sImFjY291bnQiOnsicm9sZXMiOlsibWFuYWdlLWFjY291bnQiLCJtYW5hZ2UtYWNjb3VudC1saW5rcyIsInZpZXctcHJvZmlsZSJdfX0sInNjb3BlIjoib3BlbmlkIHByb2ZpbGUgZW1haWwiLCJlbWFpbF92ZXJpZmllZCI6ZmFsc2UsIm5hbWUiOiJKb2huIERvZSIsInByZWZlcnJlZF91c2VybmFtZSI6ImpvaG4xMiIsImdpdmVuX25hbWUiOiJKb2huIERvZSIsImVtYWlsIjoiam9obmRvZTEyQGdtYWlsLmNvbSJ9.Qijxq_w5rWBYxMzG6Las2m4GEu-kNljDNj4xBwYhMWW318SfmBi1tvR_qLnnSnvkP2MPVYkyRi5FkEAMmz4bLocl8cwr41q3vVGqhIZCfhXvJCw-Sng2v0x8vYzzQzhiZrGc3SGpgGF_bHD1nPlLLBvdwAxKsCqMHqBaTX2I0JGtNaAqeSZMaXnhcS_1lrZTgqVkzeATrldySBJZH4HCydK8h9BzdtrTpIPt_3zuK0maetsCuk_R0CGt3Vomg_pFoOH_wL58KX2iqpcuT5BV7Ij-s5ozJYaIAOxaiNS5-gVjeecN9agS0Fi6tBVxVKTocQx6z95XV1HC_3QhVnXfHw
2025-10-11T21:28:01.708+05:30 ERROR 11378 --- [userService] [o-5001-Acceptor] org.apache.tomcat.util.net.NioEndpoint   : Error setting socket options

java.net.SocketException: Invalid argument
	at java.base/sun.nio.ch.Net.setIntOption0(Native Method) ~[na:na]
	at java.base/sun.nio.ch.Net.setSocketOption(Net.java:455) ~[na:na]
	at java.base/sun.nio.ch.Net.setSocketOption(Net.java:393) ~[na:na]
	at java.base/sun.nio.ch.SocketChannelImpl.setOption(SocketChannelImpl.java:280) ~[na:na]
	at java.base/sun.nio.ch.SocketAdaptor.setIntOption(SocketAdaptor.java:247) ~[na:na]
	at java.base/sun.nio.ch.SocketAdaptor.setSoLinger(SocketAdaptor.java:285) ~[na:na]
	at org.apache.tomcat.util.net.SocketProperties.setProperties(SocketProperties.java:215) ~[tomcat-embed-core-10.1.36.jar:10.1.36]
	at org.apache.tomcat.util.net.NioEndpoint.setSocketOptions(NioEndpoint.java:473) ~[tomcat-embed-core-10.1.36.jar:10.1.36]
	at org.apache.tomcat.util.net.NioEndpoint.setSocketOptions(NioEndpoint.java:71) ~[tomcat-embed-core-10.1.36.jar:10.1.36]
	at org.apache.tomcat.util.net.Acceptor.run(Acceptor.java:148) ~[tomcat-embed-core-10.1.36.jar:10.1.36]
	at java.base/java.lang.Thread.run(Thread.java:840) ~[na:na]

2025-10-11T21:28:01.722+05:30 ERROR 11378 --- [userService] [o-5001-Acceptor] org.apache.tomcat.util.net.NioEndpoint   : Error setting socket options

java.net.SocketException: Invalid argument
	at java.base/sun.nio.ch.Net.setIntOption0(Native Method) ~[na:na]
	at java.base/sun.nio.ch.Net.setSocketOption(Net.java:455) ~[na:na]
	at java.base/sun.nio.ch.Net.setSocketOption(Net.java:393) ~[na:na]
	at java.base/sun.nio.ch.SocketChannelImpl.setOption(SocketChannelImpl.java:280) ~[na:na]
	at java.base/sun.nio.ch.SocketAdaptor.setIntOption(SocketAdaptor.java:247) ~[na:na]
	at java.base/sun.nio.ch.SocketAdaptor.setSoLinger(SocketAdaptor.java:285) ~[na:na]
	at org.apache.tomcat.util.net.SocketProperties.setProperties(SocketProperties.java:215) ~[tomcat-embed-core-10.1.36.jar:10.1.36]
	at org.apache.tomcat.util.net.NioEndpoint.setSocketOptions(NioEndpoint.java:473) ~[tomcat-embed-core-10.1.36.jar:10.1.36]
	at org.apache.tomcat.util.net.NioEndpoint.setSocketOptions(NioEndpoint.java:71) ~[tomcat-embed-core-10.1.36.jar:10.1.36]
	at org.apache.tomcat.util.net.Acceptor.run(Acceptor.java:148) ~[tomcat-embed-core-10.1.36.jar:10.1.36]
	at java.base/java.lang.Thread.run(Thread.java:840) ~[na:na]

2025-10-11T21:28:17.689+05:30 ERROR 11378 --- [userService] [o-5001-Acceptor] org.apache.tomcat.util.net.NioEndpoint   : Error setting socket options

java.net.SocketException: Invalid argument
	at java.base/sun.nio.ch.Net.setIntOption0(Native Method) ~[na:na]
	at java.base/sun.nio.ch.Net.setSocketOption(Net.java:455) ~[na:na]
	at java.base/sun.nio.ch.Net.setSocketOption(Net.java:393) ~[na:na]
	at java.base/sun.nio.ch.SocketChannelImpl.setOption(SocketChannelImpl.java:280) ~[na:na]
	at java.base/sun.nio.ch.SocketAdaptor.setIntOption(SocketAdaptor.java:247) ~[na:na]
	at java.base/sun.nio.ch.SocketAdaptor.setSoLinger(SocketAdaptor.java:285) ~[na:na]
	at org.apache.tomcat.util.net.SocketProperties.setProperties(SocketProperties.java:215) ~[tomcat-embed-core-10.1.36.jar:10.1.36]
	at org.apache.tomcat.util.net.NioEndpoint.setSocketOptions(NioEndpoint.java:473) ~[tomcat-embed-core-10.1.36.jar:10.1.36]
	at org.apache.tomcat.util.net.NioEndpoint.setSocketOptions(NioEndpoint.java:71) ~[tomcat-embed-core-10.1.36.jar:10.1.36]
	at org.apache.tomcat.util.net.Acceptor.run(Acceptor.java:148) ~[tomcat-embed-core-10.1.36.jar:10.1.36]
	at java.base/java.lang.Thread.run(Thread.java:840) ~[na:na]

2025-10-11T21:28:17.691+05:30 ERROR 11378 --- [userService] [o-5001-Acceptor] org.apache.tomcat.util.net.NioEndpoint   : Error setting socket options

java.net.SocketException: Invalid argument
	at java.base/sun.nio.ch.Net.setIntOption0(Native Method) ~[na:na]
	at java.base/sun.nio.ch.Net.setSocketOption(Net.java:455) ~[na:na]
	at java.base/sun.nio.ch.Net.setSocketOption(Net.java:393) ~[na:na]
	at java.base/sun.nio.ch.SocketChannelImpl.setOption(SocketChannelImpl.java:280) ~[na:na]
	at java.base/sun.nio.ch.SocketAdaptor.setIntOption(SocketAdaptor.java:247) ~[na:na]
	at java.base/sun.nio.ch.SocketAdaptor.setSoLinger(SocketAdaptor.java:285) ~[na:na]
	at org.apache.tomcat.util.net.SocketProperties.setProperties(SocketProperties.java:215) ~[tomcat-embed-core-10.1.36.jar:10.1.36]
	at org.apache.tomcat.util.net.NioEndpoint.setSocketOptions(NioEndpoint.java:473) ~[tomcat-embed-core-10.1.36.jar:10.1.36]
	at org.apache.tomcat.util.net.NioEndpoint.setSocketOptions(NioEndpoint.java:71) ~[tomcat-embed-core-10.1.36.jar:10.1.36]
	at org.apache.tomcat.util.net.Acceptor.run(Acceptor.java:148) ~[tomcat-embed-core-10.1.36.jar:10.1.36]
	at java.base/java.lang.Thread.run(Thread.java:840) ~[na:na]

2025-10-11T21:28:19.088+05:30 ERROR 11378 --- [userService] [o-5001-Acceptor] org.apache.tomcat.util.net.NioEndpoint   : Error setting socket options

java.net.SocketException: Invalid argument
	at java.base/sun.nio.ch.Net.setIntOption0(Native Method) ~[na:na]
	at java.base/sun.nio.ch.Net.setSocketOption(Net.java:455) ~[na:na]
	at java.base/sun.nio.ch.Net.setSocketOption(Net.java:393) ~[na:na]
	at java.base/sun.nio.ch.SocketChannelImpl.setOption(SocketChannelImpl.java:280) ~[na:na]
	at java.base/sun.nio.ch.SocketAdaptor.setIntOption(SocketAdaptor.java:247) ~[na:na]
	at java.base/sun.nio.ch.SocketAdaptor.setSoLinger(SocketAdaptor.java:285) ~[na:na]
	at org.apache.tomcat.util.net.SocketProperties.setProperties(SocketProperties.java:215) ~[tomcat-embed-core-10.1.36.jar:10.1.36]
	at org.apache.tomcat.util.net.NioEndpoint.setSocketOptions(NioEndpoint.java:473) ~[tomcat-embed-core-10.1.36.jar:10.1.36]
	at org.apache.tomcat.util.net.NioEndpoint.setSocketOptions(NioEndpoint.java:71) ~[tomcat-embed-core-10.1.36.jar:10.1.36]
	at org.apache.tomcat.util.net.Acceptor.run(Acceptor.java:148) ~[tomcat-embed-core-10.1.36.jar:10.1.36]
	at java.base/java.lang.Thread.run(Thread.java:840) ~[na:na]

2025-10-11T21:28:19.090+05:30 ERROR 11378 --- [userService] [o-5001-Acceptor] org.apache.tomcat.util.net.NioEndpoint   : Error setting socket options

java.net.SocketException: Invalid argument
	at java.base/sun.nio.ch.Net.setIntOption0(Native Method) ~[na:na]
	at java.base/sun.nio.ch.Net.setSocketOption(Net.java:455) ~[na:na]
	at java.base/sun.nio.ch.Net.setSocketOption(Net.java:393) ~[na:na]
	at java.base/sun.nio.ch.SocketChannelImpl.setOption(SocketChannelImpl.java:280) ~[na:na]
	at java.base/sun.nio.ch.SocketAdaptor.setIntOption(SocketAdaptor.java:247) ~[na:na]
	at java.base/sun.nio.ch.SocketAdaptor.setSoLinger(SocketAdaptor.java:285) ~[na:na]
	at org.apache.tomcat.util.net.SocketProperties.setProperties(SocketProperties.java:215) ~[tomcat-embed-core-10.1.36.jar:10.1.36]
	at org.apache.tomcat.util.net.NioEndpoint.setSocketOptions(NioEndpoint.java:473) ~[tomcat-embed-core-10.1.36.jar:10.1.36]
	at org.apache.tomcat.util.net.NioEndpoint.setSocketOptions(NioEndpoint.java:71) ~[tomcat-embed-core-10.1.36.jar:10.1.36]
	at org.apache.tomcat.util.net.Acceptor.run(Acceptor.java:148) ~[tomcat-embed-core-10.1.36.jar:10.1.36]
	at java.base/java.lang.Thread.run(Thread.java:840) ~[na:na]

2025-10-11T21:29:33.953+05:30  INFO 11378 --- [userService] [rap-executor-%d] c.n.d.s.r.aws.ConfigClusterResolver      : Resolving eureka endpoints via configuration
2025-10-11T21:33:17.806+05:30 ERROR 11378 --- [userService] [o-5001-Acceptor] org.apache.tomcat.util.net.NioEndpoint   : Error setting socket options

java.net.SocketException: Invalid argument
	at java.base/sun.nio.ch.Net.setIntOption0(Native Method) ~[na:na]
	at java.base/sun.nio.ch.Net.setSocketOption(Net.java:455) ~[na:na]
	at java.base/sun.nio.ch.Net.setSocketOption(Net.java:393) ~[na:na]
	at java.base/sun.nio.ch.SocketChannelImpl.setOption(SocketChannelImpl.java:280) ~[na:na]
	at java.base/sun.nio.ch.SocketAdaptor.setIntOption(SocketAdaptor.java:247) ~[na:na]
	at java.base/sun.nio.ch.SocketAdaptor.setSoLinger(SocketAdaptor.java:285) ~[na:na]
	at org.apache.tomcat.util.net.SocketProperties.setProperties(SocketProperties.java:215) ~[tomcat-embed-core-10.1.36.jar:10.1.36]
	at org.apache.tomcat.util.net.NioEndpoint.setSocketOptions(NioEndpoint.java:473) ~[tomcat-embed-core-10.1.36.jar:10.1.36]
	at org.apache.tomcat.util.net.NioEndpoint.setSocketOptions(NioEndpoint.java:71) ~[tomcat-embed-core-10.1.36.jar:10.1.36]
	at org.apache.tomcat.util.net.Acceptor.run(Acceptor.java:148) ~[tomcat-embed-core-10.1.36.jar:10.1.36]
	at java.base/java.lang.Thread.run(Thread.java:840) ~[na:na]

2025-10-11T21:33:17.834+05:30 ERROR 11378 --- [userService] [o-5001-Acceptor] org.apache.tomcat.util.net.NioEndpoint   : Error setting socket options

java.net.SocketException: Invalid argument
	at java.base/sun.nio.ch.Net.setIntOption0(Native Method) ~[na:na]
	at java.base/sun.nio.ch.Net.setSocketOption(Net.java:455) ~[na:na]
	at java.base/sun.nio.ch.Net.setSocketOption(Net.java:393) ~[na:na]
	at java.base/sun.nio.ch.SocketChannelImpl.setOption(SocketChannelImpl.java:280) ~[na:na]
	at java.base/sun.nio.ch.SocketAdaptor.setIntOption(SocketAdaptor.java:247) ~[na:na]
	at java.base/sun.nio.ch.SocketAdaptor.setSoLinger(SocketAdaptor.java:285) ~[na:na]
	at org.apache.tomcat.util.net.SocketProperties.setProperties(SocketProperties.java:215) ~[tomcat-embed-core-10.1.36.jar:10.1.36]
	at org.apache.tomcat.util.net.NioEndpoint.setSocketOptions(NioEndpoint.java:473) ~[tomcat-embed-core-10.1.36.jar:10.1.36]
	at org.apache.tomcat.util.net.NioEndpoint.setSocketOptions(NioEndpoint.java:71) ~[tomcat-embed-core-10.1.36.jar:10.1.36]
	at org.apache.tomcat.util.net.Acceptor.run(Acceptor.java:148) ~[tomcat-embed-core-10.1.36.jar:10.1.36]
	at java.base/java.lang.Thread.run(Thread.java:840) ~[na:na]

2025-10-11T21:34:33.975+05:30  INFO 11378 --- [userService] [rap-executor-%d] c.n.d.s.r.aws.ConfigClusterResolver      : Resolving eureka endpoints via configuration
2025-10-11T21:35:19.544+05:30  INFO 11378 --- [userService] [   File Watcher] rtingClassPathChangeChangedEventListener : Restarting due to 1 class path change (0 additions, 0 deletions, 1 modification)
2025-10-11T21:35:19.586+05:30  INFO 11378 --- [userService] [       Thread-1] o.s.c.n.e.s.EurekaServiceRegistry        : Unregistering application USERSERVICE with eureka with status DOWN
2025-10-11T21:35:19.589+05:30  INFO 11378 --- [userService] [       Thread-1] com.netflix.discovery.DiscoveryClient    : Saw local status change event StatusChangeEvent [timestamp=1760198719589, current=DOWN, previous=UP]
2025-10-11T21:35:19.593+05:30  INFO 11378 --- [userService] [foReplicator-%d] com.netflix.discovery.DiscoveryClient    : DiscoveryClient_USERSERVICE/192.168.29.109:userService:5001: registering service...
2025-10-11T21:35:19.656+05:30  INFO 11378 --- [userService] [       Thread-1] o.s.b.w.e.tomcat.GracefulShutdown        : Commencing graceful shutdown. Waiting for active requests to complete
2025-10-11T21:35:19.676+05:30  INFO 11378 --- [userService] [foReplicator-%d] com.netflix.discovery.DiscoveryClient    : DiscoveryClient_USERSERVICE/192.168.29.109:userService:5001 - registration status: 204
2025-10-11T21:35:21.814+05:30  INFO 11378 --- [userService] [tomcat-shutdown] o.s.b.w.e.tomcat.GracefulShutdown        : Graceful shutdown complete
2025-10-11T21:35:21.816+05:30 ERROR 11378 --- [userService] [o-5001-Acceptor] org.apache.tomcat.util.net.Acceptor      : Socket accept failed

java.nio.channels.AsynchronousCloseException: null
	at java.base/java.nio.channels.spi.AbstractInterruptibleChannel.end(AbstractInterruptibleChannel.java:202) ~[na:na]
	at java.base/sun.nio.ch.ServerSocketChannelImpl.end(ServerSocketChannelImpl.java:376) ~[na:na]
	at java.base/sun.nio.ch.ServerSocketChannelImpl.accept(ServerSocketChannelImpl.java:399) ~[na:na]
	at org.apache.tomcat.util.net.NioEndpoint.serverSocketAccept(NioEndpoint.java:518) ~[tomcat-embed-core-10.1.36.jar:10.1.36]
	at org.apache.tomcat.util.net.NioEndpoint.serverSocketAccept(NioEndpoint.java:71) ~[tomcat-embed-core-10.1.36.jar:10.1.36]
	at org.apache.tomcat.util.net.Acceptor.run(Acceptor.java:128) ~[tomcat-embed-core-10.1.36.jar:10.1.36]
	at java.base/java.lang.Thread.run(Thread.java:840) ~[na:na]

2025-10-11T21:35:21.911+05:30  INFO 11378 --- [userService] [       Thread-1] j.LocalContainerEntityManagerFactoryBean : Closing JPA EntityManagerFactory for persistence unit 'default'
2025-10-11T21:35:21.997+05:30  INFO 11378 --- [userService] [       Thread-1] com.zaxxer.hikari.HikariDataSource       : HikariPool-1 - Shutdown initiated...
2025-10-11T21:35:22.013+05:30  INFO 11378 --- [userService] [       Thread-1] com.zaxxer.hikari.HikariDataSource       : HikariPool-1 - Shutdown completed.
2025-10-11T21:35:22.022+05:30  INFO 11378 --- [userService] [       Thread-1] com.netflix.discovery.DiscoveryClient    : Shutting down DiscoveryClient ...
2025-10-11T21:35:25.039+05:30  INFO 11378 --- [userService] [       Thread-1] com.netflix.discovery.DiscoveryClient    : Unregistering ...
2025-10-11T21:35:25.099+05:30  INFO 11378 --- [userService] [       Thread-1] com.netflix.discovery.DiscoveryClient    : DiscoveryClient_USERSERVICE/192.168.29.109:userService:5001 - deregister  status: 200
2025-10-11T21:35:25.101+05:30  INFO 11378 --- [userService] [       Thread-1] com.netflix.discovery.DiscoveryClient    : Completed shut down of DiscoveryClient

  .   ____          _            __ _ _
 /\\ / ___'_ __ _ _(_)_ __  __ _ \ \ \ \
( ( )\___ | '_ | '_| | '_ \/ _` | \ \ \ \
 \\/  ___)| |_)| | | | | || (_| |  ) ) ) )
  '  |____| .__|_| |_|_| |_\__, | / / / /
 =========|_|==============|___/=/_/_/_/

 :: Spring Boot ::                (v3.4.3)

2025-10-11T21:35:25.931+05:30  INFO 11378 --- [USERSERVICE] [  restartedMain] c.m.userService.UserServiceApplication   : Starting UserServiceApplication using Java 17.0.16 with PID 11378 (/Users/mohit/salon_microservices/userService/target/classes started by mohit in /Users/mohit/salon_microservices/userService)
2025-10-11T21:35:25.931+05:30  INFO 11378 --- [USERSERVICE] [  restartedMain] c.m.userService.UserServiceApplication   : No active profile set, falling back to 1 default profile: "default"
2025-10-11T21:35:26.641+05:30  INFO 11378 --- [USERSERVICE] [  restartedMain] .s.d.r.c.RepositoryConfigurationDelegate : Bootstrapping Spring Data JPA repositories in DEFAULT mode.
2025-10-11T21:35:26.655+05:30  INFO 11378 --- [USERSERVICE] [  restartedMain] .s.d.r.c.RepositoryConfigurationDelegate : Finished Spring Data repository scanning in 10 ms. Found 1 JPA repository interface.
2025-10-11T21:35:27.134+05:30  INFO 11378 --- [USERSERVICE] [  restartedMain] o.s.cloud.context.scope.GenericScope     : BeanFactory id=bbd59973-54e5-3e30-8069-e7964bbf4bf7
2025-10-11T21:35:27.451+05:30  INFO 11378 --- [USERSERVICE] [  restartedMain] o.s.b.w.embedded.tomcat.TomcatWebServer  : Tomcat initialized with port 5001 (http)
2025-10-11T21:35:27.452+05:30  INFO 11378 --- [USERSERVICE] [  restartedMain] o.apache.catalina.core.StandardService   : Starting service [Tomcat]
2025-10-11T21:35:27.453+05:30  INFO 11378 --- [USERSERVICE] [  restartedMain] o.apache.catalina.core.StandardEngine    : Starting Servlet engine: [Apache Tomcat/10.1.36]
2025-10-11T21:35:27.502+05:30  INFO 11378 --- [USERSERVICE] [  restartedMain] o.a.c.c.C.[Tomcat].[localhost].[/]       : Initializing Spring embedded WebApplicationContext
2025-10-11T21:35:27.502+05:30  INFO 11378 --- [USERSERVICE] [  restartedMain] w.s.c.ServletWebServerApplicationContext : Root WebApplicationContext: initialization completed in 1563 ms
2025-10-11T21:35:27.764+05:30  INFO 11378 --- [USERSERVICE] [  restartedMain] o.hibernate.jpa.internal.util.LogHelper  : HHH000204: Processing PersistenceUnitInfo [name: default]
2025-10-11T21:35:27.768+05:30  INFO 11378 --- [USERSERVICE] [  restartedMain] o.h.c.internal.RegionFactoryInitiator    : HHH000026: Second-level cache disabled
2025-10-11T21:35:27.808+05:30  INFO 11378 --- [USERSERVICE] [  restartedMain] o.s.o.j.p.SpringPersistenceUnitInfo      : No LoadTimeWeaver setup: ignoring JPA class transformer
2025-10-11T21:35:27.810+05:30  INFO 11378 --- [USERSERVICE] [  restartedMain] com.zaxxer.hikari.HikariDataSource       : HikariPool-2 - Starting...
2025-10-11T21:35:27.891+05:30  INFO 11378 --- [USERSERVICE] [  restartedMain] com.zaxxer.hikari.pool.HikariPool        : HikariPool-2 - Added connection org.postgresql.jdbc.PgConnection@678faa6a
2025-10-11T21:35:27.891+05:30  INFO 11378 --- [USERSERVICE] [  restartedMain] com.zaxxer.hikari.HikariDataSource       : HikariPool-2 - Start completed.
2025-10-11T21:35:27.902+05:30  INFO 11378 --- [USERSERVICE] [  restartedMain] org.hibernate.orm.connections.pooling    : HHH10001005: Database info:
	Database JDBC URL [Connecting through datasource 'HikariDataSource (HikariPool-2)']
	Database driver: undefined/unknown
	Database version: 17.4
	Autocommit mode: undefined/unknown
	Isolation level: undefined/unknown
	Minimum pool size: undefined/unknown
	Maximum pool size: undefined/unknown
2025-10-11T21:35:28.011+05:30  INFO 11378 --- [USERSERVICE] [  restartedMain] o.h.e.t.j.p.i.JtaPlatformInitiator       : HHH000489: No JTA platform available (set 'hibernate.transaction.jta.platform' to enable JTA platform integration)
2025-10-11T21:35:28.056+05:30  INFO 11378 --- [USERSERVICE] [  restartedMain] j.LocalContainerEntityManagerFactoryBean : Initialized JPA EntityManagerFactory for persistence unit 'default'
2025-10-11T21:35:28.269+05:30  WARN 11378 --- [USERSERVICE] [  restartedMain] JpaBaseConfiguration$JpaWebConfiguration : spring.jpa.open-in-view is enabled by default. Therefore, database queries may be performed during view rendering. Explicitly configure spring.jpa.open-in-view to disable this warning
2025-10-11T21:35:28.841+05:30  WARN 11378 --- [USERSERVICE] [  restartedMain] o.s.b.d.a.OptionalLiveReloadServer       : Unable to start LiveReload server
2025-10-11T21:35:28.878+05:30  INFO 11378 --- [USERSERVICE] [  restartedMain] DiscoveryClientOptionalArgsConfiguration : Eureka HTTP Client uses RestTemplate.
2025-10-11T21:35:28.932+05:30  WARN 11378 --- [USERSERVICE] [  restartedMain] iguration$LoadBalancerCaffeineWarnLogger : Spring Cloud LoadBalancer is currently working with the default cache. While this cache implementation is useful for development and tests, it's recommended to use Caffeine cache in production.You can switch to using Caffeine cache, by adding it and org.springframework.cache.caffeine.CaffeineCacheManager to the classpath.
2025-10-11T21:35:28.951+05:30  INFO 11378 --- [USERSERVICE] [  restartedMain] o.s.b.a.e.web.EndpointLinksResolver      : Exposing 1 endpoint beneath base path '/actuator'
2025-10-11T21:35:28.996+05:30  INFO 11378 --- [USERSERVICE] [  restartedMain] o.s.c.n.eureka.InstanceInfoFactory       : Setting initial instance status as: STARTING
2025-10-11T21:35:29.001+05:30  INFO 11378 --- [USERSERVICE] [  restartedMain] com.netflix.discovery.DiscoveryClient    : Initializing Eureka in region us-east-1
2025-10-11T21:35:29.001+05:30  INFO 11378 --- [USERSERVICE] [  restartedMain] c.n.d.s.r.aws.ConfigClusterResolver      : Resolving eureka endpoints via configuration
2025-10-11T21:35:29.002+05:30  INFO 11378 --- [USERSERVICE] [  restartedMain] com.netflix.discovery.DiscoveryClient    : Disable delta property : false
2025-10-11T21:35:29.002+05:30  INFO 11378 --- [USERSERVICE] [  restartedMain] com.netflix.discovery.DiscoveryClient    : Single vip registry refresh property : null
2025-10-11T21:35:29.002+05:30  INFO 11378 --- [USERSERVICE] [  restartedMain] com.netflix.discovery.DiscoveryClient    : Force full registry fetch : false
2025-10-11T21:35:29.002+05:30  INFO 11378 --- [USERSERVICE] [  restartedMain] com.netflix.discovery.DiscoveryClient    : Application is null : false
2025-10-11T21:35:29.002+05:30  INFO 11378 --- [USERSERVICE] [  restartedMain] com.netflix.discovery.DiscoveryClient    : Registered Applications size is zero : true
2025-10-11T21:35:29.002+05:30  INFO 11378 --- [USERSERVICE] [  restartedMain] com.netflix.discovery.DiscoveryClient    : Application version is -1: true
2025-10-11T21:35:29.002+05:30  INFO 11378 --- [USERSERVICE] [  restartedMain] com.netflix.discovery.DiscoveryClient    : Getting all instance registry info from the eureka server
2025-10-11T21:35:29.042+05:30  INFO 11378 --- [USERSERVICE] [  restartedMain] com.netflix.discovery.DiscoveryClient    : The response status is 200
2025-10-11T21:35:29.043+05:30  INFO 11378 --- [USERSERVICE] [  restartedMain] com.netflix.discovery.DiscoveryClient    : Starting heartbeat executor: renew interval is: 30
2025-10-11T21:35:29.043+05:30  INFO 11378 --- [USERSERVICE] [  restartedMain] c.n.discovery.InstanceInfoReplicator     : InstanceInfoReplicator onDemand update allowed rate per min is 4
2025-10-11T21:35:29.044+05:30  INFO 11378 --- [USERSERVICE] [  restartedMain] com.netflix.discovery.DiscoveryClient    : Discovery Client initialized at timestamp 1760198729043 with initial instances count: 7
2025-10-11T21:35:29.054+05:30  INFO 11378 --- [USERSERVICE] [  restartedMain] o.s.c.n.e.s.EurekaServiceRegistry        : Registering application USERSERVICE with eureka with status UP
2025-10-11T21:35:29.054+05:30  INFO 11378 --- [USERSERVICE] [  restartedMain] com.netflix.discovery.DiscoveryClient    : Saw local status change event StatusChangeEvent [timestamp=1760198729054, current=UP, previous=STARTING]
2025-10-11T21:35:29.054+05:30  INFO 11378 --- [USERSERVICE] [foReplicator-%d] com.netflix.discovery.DiscoveryClient    : DiscoveryClient_USERSERVICE/192.168.29.109:USERSERVICE:5001: registering service...
2025-10-11T21:35:29.058+05:30  INFO 11378 --- [USERSERVICE] [  restartedMain] o.s.b.w.embedded.tomcat.TomcatWebServer  : Tomcat started on port 5001 (http) with context path '/'
2025-10-11T21:35:29.058+05:30  INFO 11378 --- [USERSERVICE] [  restartedMain] .s.c.n.e.s.EurekaAutoServiceRegistration : Updating port to 5001
2025-10-11T21:35:29.072+05:30  INFO 11378 --- [USERSERVICE] [foReplicator-%d] com.netflix.discovery.DiscoveryClient    : DiscoveryClient_USERSERVICE/192.168.29.109:USERSERVICE:5001 - registration status: 204
2025-10-11T21:35:29.085+05:30  INFO 11378 --- [USERSERVICE] [  restartedMain] c.m.userService.UserServiceApplication   : Started UserServiceApplication in 3.261 seconds (process running for 6069.403)
2025-10-11T21:36:04.520+05:30  INFO 11378 --- [USERSERVICE] [   File Watcher] rtingClassPathChangeChangedEventListener : Restarting due to 4 class path changes (0 additions, 3 deletions, 1 modification)
2025-10-11T21:36:04.521+05:30  INFO 11378 --- [USERSERVICE] [       Thread-7] o.s.c.n.e.s.EurekaServiceRegistry        : Unregistering application USERSERVICE with eureka with status DOWN
2025-10-11T21:36:04.521+05:30  INFO 11378 --- [USERSERVICE] [       Thread-7] com.netflix.discovery.DiscoveryClient    : Saw local status change event StatusChangeEvent [timestamp=1760198764521, current=DOWN, previous=UP]
2025-10-11T21:36:04.521+05:30  INFO 11378 --- [USERSERVICE] [foReplicator-%d] com.netflix.discovery.DiscoveryClient    : DiscoveryClient_USERSERVICE/192.168.29.109:USERSERVICE:5001: registering service...
2025-10-11T21:36:04.522+05:30  INFO 11378 --- [USERSERVICE] [       Thread-7] o.s.b.w.e.tomcat.GracefulShutdown        : Commencing graceful shutdown. Waiting for active requests to complete
2025-10-11T21:36:04.528+05:30  INFO 11378 --- [USERSERVICE] [foReplicator-%d] com.netflix.discovery.DiscoveryClient    : DiscoveryClient_USERSERVICE/192.168.29.109:USERSERVICE:5001 - registration status: 204
2025-10-11T21:36:06.529+05:30  INFO 11378 --- [USERSERVICE] [tomcat-shutdown] o.s.b.w.e.tomcat.GracefulShutdown        : Graceful shutdown complete
2025-10-11T21:36:06.529+05:30 ERROR 11378 --- [USERSERVICE] [o-5001-Acceptor] org.apache.tomcat.util.net.Acceptor      : Socket accept failed

java.nio.channels.AsynchronousCloseException: null
	at java.base/java.nio.channels.spi.AbstractInterruptibleChannel.end(AbstractInterruptibleChannel.java:202) ~[na:na]
	at java.base/sun.nio.ch.ServerSocketChannelImpl.end(ServerSocketChannelImpl.java:376) ~[na:na]
	at java.base/sun.nio.ch.ServerSocketChannelImpl.accept(ServerSocketChannelImpl.java:399) ~[na:na]
	at org.apache.tomcat.util.net.NioEndpoint.serverSocketAccept(NioEndpoint.java:518) ~[tomcat-embed-core-10.1.36.jar:10.1.36]
	at org.apache.tomcat.util.net.NioEndpoint.serverSocketAccept(NioEndpoint.java:71) ~[tomcat-embed-core-10.1.36.jar:10.1.36]
	at org.apache.tomcat.util.net.Acceptor.run(Acceptor.java:128) ~[tomcat-embed-core-10.1.36.jar:10.1.36]
	at java.base/java.lang.Thread.run(Thread.java:840) ~[na:na]

2025-10-11T21:36:06.535+05:30  INFO 11378 --- [USERSERVICE] [       Thread-7] j.LocalContainerEntityManagerFactoryBean : Closing JPA EntityManagerFactory for persistence unit 'default'
2025-10-11T21:36:06.536+05:30  INFO 11378 --- [USERSERVICE] [       Thread-7] com.zaxxer.hikari.HikariDataSource       : HikariPool-2 - Shutdown initiated...
2025-10-11T21:36:06.538+05:30  INFO 11378 --- [USERSERVICE] [       Thread-7] com.zaxxer.hikari.HikariDataSource       : HikariPool-2 - Shutdown completed.
2025-10-11T21:36:06.539+05:30  INFO 11378 --- [USERSERVICE] [       Thread-7] com.netflix.discovery.DiscoveryClient    : Shutting down DiscoveryClient ...
2025-10-11T21:36:09.543+05:30  INFO 11378 --- [USERSERVICE] [       Thread-7] com.netflix.discovery.DiscoveryClient    : Unregistering ...
2025-10-11T21:36:09.596+05:30  INFO 11378 --- [USERSERVICE] [       Thread-7] com.netflix.discovery.DiscoveryClient    : DiscoveryClient_USERSERVICE/192.168.29.109:USERSERVICE:5001 - deregister  status: 200
2025-10-11T21:36:09.596+05:30  INFO 11378 --- [USERSERVICE] [       Thread-7] com.netflix.discovery.DiscoveryClient    : Completed shut down of DiscoveryClient

  .   ____          _            __ _ _
 /\\ / ___'_ __ _ _(_)_ __  __ _ \ \ \ \
( ( )\___ | '_ | '_| | '_ \/ _` | \ \ \ \
 \\/  ___)| |_)| | | | | || (_| |  ) ) ) )
  '  |____| .__|_| |_|_| |_\__, | / / / /
 =========|_|==============|___/=/_/_/_/

 :: Spring Boot ::                (v3.4.3)

2025-10-11T21:36:09.716+05:30  INFO 11378 --- [USERSERVICE] [  restartedMain] c.m.userService.UserServiceApplication   : Starting UserServiceApplication using Java 17.0.16 with PID 11378 (/Users/mohit/salon_microservices/userService/target/classes started by mohit in /Users/mohit/salon_microservices/userService)
2025-10-11T21:36:09.717+05:30  INFO 11378 --- [USERSERVICE] [  restartedMain] c.m.userService.UserServiceApplication   : No active profile set, falling back to 1 default profile: "default"
2025-10-11T21:36:09.977+05:30  INFO 11378 --- [USERSERVICE] [  restartedMain] .s.d.r.c.RepositoryConfigurationDelegate : Bootstrapping Spring Data JPA repositories in DEFAULT mode.
2025-10-11T21:36:09.983+05:30  INFO 11378 --- [USERSERVICE] [  restartedMain] .s.d.r.c.RepositoryConfigurationDelegate : Finished Spring Data repository scanning in 4 ms. Found 1 JPA repository interface.
2025-10-11T21:36:10.168+05:30  INFO 11378 --- [USERSERVICE] [  restartedMain] o.s.cloud.context.scope.GenericScope     : BeanFactory id=bbd59973-54e5-3e30-8069-e7964bbf4bf7
2025-10-11T21:36:10.321+05:30  INFO 11378 --- [USERSERVICE] [  restartedMain] o.s.b.w.embedded.tomcat.TomcatWebServer  : Tomcat initialized with port 5001 (http)
2025-10-11T21:36:10.322+05:30  INFO 11378 --- [USERSERVICE] [  restartedMain] o.apache.catalina.core.StandardService   : Starting service [Tomcat]
2025-10-11T21:36:10.322+05:30  INFO 11378 --- [USERSERVICE] [  restartedMain] o.apache.catalina.core.StandardEngine    : Starting Servlet engine: [Apache Tomcat/10.1.36]
2025-10-11T21:36:10.339+05:30  INFO 11378 --- [USERSERVICE] [  restartedMain] o.a.c.c.C.[Tomcat].[localhost].[/]       : Initializing Spring embedded WebApplicationContext
2025-10-11T21:36:10.339+05:30  INFO 11378 --- [USERSERVICE] [  restartedMain] w.s.c.ServletWebServerApplicationContext : Root WebApplicationContext: initialization completed in 619 ms
2025-10-11T21:36:10.512+05:30  INFO 11378 --- [USERSERVICE] [  restartedMain] o.hibernate.jpa.internal.util.LogHelper  : HHH000204: Processing PersistenceUnitInfo [name: default]
2025-10-11T21:36:10.515+05:30  INFO 11378 --- [USERSERVICE] [  restartedMain] o.h.c.internal.RegionFactoryInitiator    : HHH000026: Second-level cache disabled
2025-10-11T21:36:10.530+05:30  INFO 11378 --- [USERSERVICE] [  restartedMain] o.s.o.j.p.SpringPersistenceUnitInfo      : No LoadTimeWeaver setup: ignoring JPA class transformer
2025-10-11T21:36:10.532+05:30  INFO 11378 --- [USERSERVICE] [  restartedMain] com.zaxxer.hikari.HikariDataSource       : HikariPool-3 - Starting...
2025-10-11T21:36:10.575+05:30  INFO 11378 --- [USERSERVICE] [  restartedMain] com.zaxxer.hikari.pool.HikariPool        : HikariPool-3 - Added connection org.postgresql.jdbc.PgConnection@719e7ad8
2025-10-11T21:36:10.575+05:30  INFO 11378 --- [USERSERVICE] [  restartedMain] com.zaxxer.hikari.HikariDataSource       : HikariPool-3 - Start completed.
2025-10-11T21:36:10.581+05:30  INFO 11378 --- [USERSERVICE] [  restartedMain] org.hibernate.orm.connections.pooling    : HHH10001005: Database info:
	Database JDBC URL [Connecting through datasource 'HikariDataSource (HikariPool-3)']
	Database driver: undefined/unknown
	Database version: 17.4
	Autocommit mode: undefined/unknown
	Isolation level: undefined/unknown
	Minimum pool size: undefined/unknown
	Maximum pool size: undefined/unknown
2025-10-11T21:36:10.638+05:30  INFO 11378 --- [USERSERVICE] [  restartedMain] o.h.e.t.j.p.i.JtaPlatformInitiator       : HHH000489: No JTA platform available (set 'hibernate.transaction.jta.platform' to enable JTA platform integration)
2025-10-11T21:36:10.653+05:30  INFO 11378 --- [USERSERVICE] [  restartedMain] j.LocalContainerEntityManagerFactoryBean : Initialized JPA EntityManagerFactory for persistence unit 'default'
2025-10-11T21:36:10.850+05:30  WARN 11378 --- [USERSERVICE] [  restartedMain] JpaBaseConfiguration$JpaWebConfiguration : spring.jpa.open-in-view is enabled by default. Therefore, database queries may be performed during view rendering. Explicitly configure spring.jpa.open-in-view to disable this warning
2025-10-11T21:36:11.553+05:30  WARN 11378 --- [USERSERVICE] [  restartedMain] o.s.b.d.a.OptionalLiveReloadServer       : Unable to start LiveReload server
2025-10-11T21:36:11.598+05:30  INFO 11378 --- [USERSERVICE] [  restartedMain] DiscoveryClientOptionalArgsConfiguration : Eureka HTTP Client uses RestTemplate.
2025-10-11T21:36:11.650+05:30  WARN 11378 --- [USERSERVICE] [  restartedMain] iguration$LoadBalancerCaffeineWarnLogger : Spring Cloud LoadBalancer is currently working with the default cache. While this cache implementation is useful for development and tests, it's recommended to use Caffeine cache in production.You can switch to using Caffeine cache, by adding it and org.springframework.cache.caffeine.CaffeineCacheManager to the classpath.
2025-10-11T21:36:11.658+05:30  INFO 11378 --- [USERSERVICE] [  restartedMain] o.s.b.a.e.web.EndpointLinksResolver      : Exposing 1 endpoint beneath base path '/actuator'
2025-10-11T21:36:11.696+05:30  INFO 11378 --- [USERSERVICE] [  restartedMain] o.s.c.n.eureka.InstanceInfoFactory       : Setting initial instance status as: STARTING
2025-10-11T21:36:11.699+05:30  INFO 11378 --- [USERSERVICE] [  restartedMain] com.netflix.discovery.DiscoveryClient    : Initializing Eureka in region us-east-1
2025-10-11T21:36:11.700+05:30  INFO 11378 --- [USERSERVICE] [  restartedMain] c.n.d.s.r.aws.ConfigClusterResolver      : Resolving eureka endpoints via configuration
2025-10-11T21:36:11.700+05:30  INFO 11378 --- [USERSERVICE] [  restartedMain] com.netflix.discovery.DiscoveryClient    : Disable delta property : false
2025-10-11T21:36:11.700+05:30  INFO 11378 --- [USERSERVICE] [  restartedMain] com.netflix.discovery.DiscoveryClient    : Single vip registry refresh property : null
2025-10-11T21:36:11.700+05:30  INFO 11378 --- [USERSERVICE] [  restartedMain] com.netflix.discovery.DiscoveryClient    : Force full registry fetch : false
2025-10-11T21:36:11.700+05:30  INFO 11378 --- [USERSERVICE] [  restartedMain] com.netflix.discovery.DiscoveryClient    : Application is null : false
2025-10-11T21:36:11.700+05:30  INFO 11378 --- [USERSERVICE] [  restartedMain] com.netflix.discovery.DiscoveryClient    : Registered Applications size is zero : true
2025-10-11T21:36:11.700+05:30  INFO 11378 --- [USERSERVICE] [  restartedMain] com.netflix.discovery.DiscoveryClient    : Application version is -1: true
2025-10-11T21:36:11.700+05:30  INFO 11378 --- [USERSERVICE] [  restartedMain] com.netflix.discovery.DiscoveryClient    : Getting all instance registry info from the eureka server
2025-10-11T21:36:11.741+05:30  INFO 11378 --- [USERSERVICE] [  restartedMain] com.netflix.discovery.DiscoveryClient    : The response status is 200
2025-10-11T21:36:11.741+05:30  INFO 11378 --- [USERSERVICE] [  restartedMain] com.netflix.discovery.DiscoveryClient    : Starting heartbeat executor: renew interval is: 30
2025-10-11T21:36:11.742+05:30  INFO 11378 --- [USERSERVICE] [  restartedMain] c.n.discovery.InstanceInfoReplicator     : InstanceInfoReplicator onDemand update allowed rate per min is 4
2025-10-11T21:36:11.742+05:30  INFO 11378 --- [USERSERVICE] [  restartedMain] com.netflix.discovery.DiscoveryClient    : Discovery Client initialized at timestamp 1760198771742 with initial instances count: 7
2025-10-11T21:36:11.748+05:30  INFO 11378 --- [USERSERVICE] [  restartedMain] o.s.c.n.e.s.EurekaServiceRegistry        : Registering application USERSERVICE with eureka with status UP
2025-10-11T21:36:11.749+05:30  INFO 11378 --- [USERSERVICE] [  restartedMain] com.netflix.discovery.DiscoveryClient    : Saw local status change event StatusChangeEvent [timestamp=1760198771749, current=UP, previous=STARTING]
2025-10-11T21:36:11.749+05:30  INFO 11378 --- [USERSERVICE] [foReplicator-%d] com.netflix.discovery.DiscoveryClient    : DiscoveryClient_USERSERVICE/192.168.29.109:USERSERVICE:5001: registering service...
2025-10-11T21:36:11.752+05:30  INFO 11378 --- [USERSERVICE] [  restartedMain] o.s.b.w.embedded.tomcat.TomcatWebServer  : Tomcat started on port 5001 (http) with context path '/'
2025-10-11T21:36:11.752+05:30  INFO 11378 --- [USERSERVICE] [  restartedMain] .s.c.n.e.s.EurekaAutoServiceRegistration : Updating port to 5001
2025-10-11T21:36:11.764+05:30  INFO 11378 --- [USERSERVICE] [foReplicator-%d] com.netflix.discovery.DiscoveryClient    : DiscoveryClient_USERSERVICE/192.168.29.109:USERSERVICE:5001 - registration status: 204
2025-10-11T21:36:11.778+05:30  INFO 11378 --- [USERSERVICE] [  restartedMain] c.m.userService.UserServiceApplication   : Started UserServiceApplication in 2.099 seconds (process running for 6112.095)
2025-10-11T21:36:11.782+05:30  INFO 11378 --- [USERSERVICE] [  restartedMain] .ConditionEvaluationDeltaLoggingListener : Condition evaluation unchanged
2025-10-11T21:36:12.963+05:30  INFO 11378 --- [USERSERVICE] [   File Watcher] rtingClassPathChangeChangedEventListener : Restarting due to 3 class path changes (3 additions, 0 deletions, 0 modifications)
2025-10-11T21:36:12.964+05:30  INFO 11378 --- [USERSERVICE] [      Thread-13] o.s.c.n.e.s.EurekaServiceRegistry        : Unregistering application USERSERVICE with eureka with status DOWN
2025-10-11T21:36:12.964+05:30  INFO 11378 --- [USERSERVICE] [      Thread-13] com.netflix.discovery.DiscoveryClient    : Saw local status change event StatusChangeEvent [timestamp=1760198772964, current=DOWN, previous=UP]
2025-10-11T21:36:12.965+05:30  INFO 11378 --- [USERSERVICE] [foReplicator-%d] com.netflix.discovery.DiscoveryClient    : DiscoveryClient_USERSERVICE/192.168.29.109:USERSERVICE:5001: registering service...
2025-10-11T21:36:12.965+05:30  INFO 11378 --- [USERSERVICE] [      Thread-13] o.s.b.w.e.tomcat.GracefulShutdown        : Commencing graceful shutdown. Waiting for active requests to complete
2025-10-11T21:36:12.969+05:30  INFO 11378 --- [USERSERVICE] [foReplicator-%d] com.netflix.discovery.DiscoveryClient    : DiscoveryClient_USERSERVICE/192.168.29.109:USERSERVICE:5001 - registration status: 204
2025-10-11T21:36:14.973+05:30  INFO 11378 --- [USERSERVICE] [tomcat-shutdown] o.s.b.w.e.tomcat.GracefulShutdown        : Graceful shutdown complete
2025-10-11T21:36:14.973+05:30 ERROR 11378 --- [USERSERVICE] [o-5001-Acceptor] org.apache.tomcat.util.net.Acceptor      : Socket accept failed

java.nio.channels.AsynchronousCloseException: null
	at java.base/java.nio.channels.spi.AbstractInterruptibleChannel.end(AbstractInterruptibleChannel.java:202) ~[na:na]
	at java.base/sun.nio.ch.ServerSocketChannelImpl.end(ServerSocketChannelImpl.java:376) ~[na:na]
	at java.base/sun.nio.ch.ServerSocketChannelImpl.accept(ServerSocketChannelImpl.java:399) ~[na:na]
	at org.apache.tomcat.util.net.NioEndpoint.serverSocketAccept(NioEndpoint.java:518) ~[tomcat-embed-core-10.1.36.jar:10.1.36]
	at org.apache.tomcat.util.net.NioEndpoint.serverSocketAccept(NioEndpoint.java:71) ~[tomcat-embed-core-10.1.36.jar:10.1.36]
	at org.apache.tomcat.util.net.Acceptor.run(Acceptor.java:128) ~[tomcat-embed-core-10.1.36.jar:10.1.36]
	at java.base/java.lang.Thread.run(Thread.java:840) ~[na:na]

2025-10-11T21:36:14.977+05:30  INFO 11378 --- [USERSERVICE] [      Thread-13] j.LocalContainerEntityManagerFactoryBean : Closing JPA EntityManagerFactory for persistence unit 'default'
2025-10-11T21:36:14.978+05:30  INFO 11378 --- [USERSERVICE] [      Thread-13] com.zaxxer.hikari.HikariDataSource       : HikariPool-3 - Shutdown initiated...
2025-10-11T21:36:14.979+05:30  INFO 11378 --- [USERSERVICE] [      Thread-13] com.zaxxer.hikari.HikariDataSource       : HikariPool-3 - Shutdown completed.
2025-10-11T21:36:14.980+05:30  INFO 11378 --- [USERSERVICE] [      Thread-13] com.netflix.discovery.DiscoveryClient    : Shutting down DiscoveryClient ...
2025-10-11T21:36:17.984+05:30  INFO 11378 --- [USERSERVICE] [      Thread-13] com.netflix.discovery.DiscoveryClient    : Unregistering ...
2025-10-11T21:36:18.425+05:30  INFO 11378 --- [USERSERVICE] [      Thread-13] com.netflix.discovery.DiscoveryClient    : DiscoveryClient_USERSERVICE/192.168.29.109:USERSERVICE:5001 - deregister  status: 404
2025-10-11T21:36:18.426+05:30  INFO 11378 --- [USERSERVICE] [      Thread-13] com.netflix.discovery.DiscoveryClient    : Completed shut down of DiscoveryClient

  .   ____          _            __ _ _
 /\\ / ___'_ __ _ _(_)_ __  __ _ \ \ \ \
( ( )\___ | '_ | '_| | '_ \/ _` | \ \ \ \
 \\/  ___)| |_)| | | | | || (_| |  ) ) ) )
  '  |____| .__|_| |_|_| |_\__, | / / / /
 =========|_|==============|___/=/_/_/_/

 :: Spring Boot ::                (v3.4.3)

2025-10-11T21:36:18.531+05:30  INFO 11378 --- [USERSERVICE] [  restartedMain] c.m.userService.UserServiceApplication   : Starting UserServiceApplication using Java 17.0.16 with PID 11378 (/Users/mohit/salon_microservices/userService/target/classes started by mohit in /Users/mohit/salon_microservices/userService)
2025-10-11T21:36:18.531+05:30  INFO 11378 --- [USERSERVICE] [  restartedMain] c.m.userService.UserServiceApplication   : No active profile set, falling back to 1 default profile: "default"
2025-10-11T21:36:18.793+05:30  INFO 11378 --- [USERSERVICE] [  restartedMain] .s.d.r.c.RepositoryConfigurationDelegate : Bootstrapping Spring Data JPA repositories in DEFAULT mode.
2025-10-11T21:36:18.801+05:30  INFO 11378 --- [USERSERVICE] [  restartedMain] .s.d.r.c.RepositoryConfigurationDelegate : Finished Spring Data repository scanning in 6 ms. Found 1 JPA repository interface.
2025-10-11T21:36:18.987+05:30  INFO 11378 --- [USERSERVICE] [  restartedMain] o.s.cloud.context.scope.GenericScope     : BeanFactory id=bbd59973-54e5-3e30-8069-e7964bbf4bf7
2025-10-11T21:36:19.119+05:30  INFO 11378 --- [USERSERVICE] [  restartedMain] o.s.b.w.embedded.tomcat.TomcatWebServer  : Tomcat initialized with port 5001 (http)
2025-10-11T21:36:19.120+05:30  INFO 11378 --- [USERSERVICE] [  restartedMain] o.apache.catalina.core.StandardService   : Starting service [Tomcat]
2025-10-11T21:36:19.120+05:30  INFO 11378 --- [USERSERVICE] [  restartedMain] o.apache.catalina.core.StandardEngine    : Starting Servlet engine: [Apache Tomcat/10.1.36]
2025-10-11T21:36:19.135+05:30  INFO 11378 --- [USERSERVICE] [  restartedMain] o.a.c.c.C.[Tomcat].[localhost].[/]       : Initializing Spring embedded WebApplicationContext
2025-10-11T21:36:19.135+05:30  INFO 11378 --- [USERSERVICE] [  restartedMain] w.s.c.ServletWebServerApplicationContext : Root WebApplicationContext: initialization completed in 602 ms
2025-10-11T21:36:19.279+05:30  INFO 11378 --- [USERSERVICE] [  restartedMain] o.hibernate.jpa.internal.util.LogHelper  : HHH000204: Processing PersistenceUnitInfo [name: default]
2025-10-11T21:36:19.281+05:30  INFO 11378 --- [USERSERVICE] [  restartedMain] o.h.c.internal.RegionFactoryInitiator    : HHH000026: Second-level cache disabled
2025-10-11T21:36:19.290+05:30  INFO 11378 --- [USERSERVICE] [  restartedMain] o.s.o.j.p.SpringPersistenceUnitInfo      : No LoadTimeWeaver setup: ignoring JPA class transformer
2025-10-11T21:36:19.290+05:30  INFO 11378 --- [USERSERVICE] [  restartedMain] com.zaxxer.hikari.HikariDataSource       : HikariPool-4 - Starting...
2025-10-11T21:36:19.316+05:30  INFO 11378 --- [USERSERVICE] [  restartedMain] com.zaxxer.hikari.pool.HikariPool        : HikariPool-4 - Added connection org.postgresql.jdbc.PgConnection@75d9f9a5
2025-10-11T21:36:19.317+05:30  INFO 11378 --- [USERSERVICE] [  restartedMain] com.zaxxer.hikari.HikariDataSource       : HikariPool-4 - Start completed.
2025-10-11T21:36:19.321+05:30  INFO 11378 --- [USERSERVICE] [  restartedMain] org.hibernate.orm.connections.pooling    : HHH10001005: Database info:
	Database JDBC URL [Connecting through datasource 'HikariDataSource (HikariPool-4)']
	Database driver: undefined/unknown
	Database version: 17.4
	Autocommit mode: undefined/unknown
	Isolation level: undefined/unknown
	Minimum pool size: undefined/unknown
	Maximum pool size: undefined/unknown
2025-10-11T21:36:19.367+05:30  INFO 11378 --- [USERSERVICE] [  restartedMain] o.h.e.t.j.p.i.JtaPlatformInitiator       : HHH000489: No JTA platform available (set 'hibernate.transaction.jta.platform' to enable JTA platform integration)
2025-10-11T21:36:19.381+05:30  INFO 11378 --- [USERSERVICE] [  restartedMain] j.LocalContainerEntityManagerFactoryBean : Initialized JPA EntityManagerFactory for persistence unit 'default'
2025-10-11T21:36:19.563+05:30  WARN 11378 --- [USERSERVICE] [  restartedMain] JpaBaseConfiguration$JpaWebConfiguration : spring.jpa.open-in-view is enabled by default. Therefore, database queries may be performed during view rendering. Explicitly configure spring.jpa.open-in-view to disable this warning
2025-10-11T21:36:20.005+05:30  WARN 11378 --- [USERSERVICE] [  restartedMain] o.s.b.d.a.OptionalLiveReloadServer       : Unable to start LiveReload server
2025-10-11T21:36:20.043+05:30  INFO 11378 --- [USERSERVICE] [  restartedMain] DiscoveryClientOptionalArgsConfiguration : Eureka HTTP Client uses RestTemplate.
2025-10-11T21:36:20.084+05:30  WARN 11378 --- [USERSERVICE] [  restartedMain] iguration$LoadBalancerCaffeineWarnLogger : Spring Cloud LoadBalancer is currently working with the default cache. While this cache implementation is useful for development and tests, it's recommended to use Caffeine cache in production.You can switch to using Caffeine cache, by adding it and org.springframework.cache.caffeine.CaffeineCacheManager to the classpath.
2025-10-11T21:36:20.092+05:30  INFO 11378 --- [USERSERVICE] [  restartedMain] o.s.b.a.e.web.EndpointLinksResolver      : Exposing 1 endpoint beneath base path '/actuator'
2025-10-11T21:36:20.124+05:30  INFO 11378 --- [USERSERVICE] [  restartedMain] o.s.c.n.eureka.InstanceInfoFactory       : Setting initial instance status as: STARTING
2025-10-11T21:36:20.128+05:30  INFO 11378 --- [USERSERVICE] [  restartedMain] com.netflix.discovery.DiscoveryClient    : Initializing Eureka in region us-east-1
2025-10-11T21:36:20.128+05:30  INFO 11378 --- [USERSERVICE] [  restartedMain] c.n.d.s.r.aws.ConfigClusterResolver      : Resolving eureka endpoints via configuration
2025-10-11T21:36:20.128+05:30  INFO 11378 --- [USERSERVICE] [  restartedMain] com.netflix.discovery.DiscoveryClient    : Disable delta property : false
2025-10-11T21:36:20.128+05:30  INFO 11378 --- [USERSERVICE] [  restartedMain] com.netflix.discovery.DiscoveryClient    : Single vip registry refresh property : null
2025-10-11T21:36:20.128+05:30  INFO 11378 --- [USERSERVICE] [  restartedMain] com.netflix.discovery.DiscoveryClient    : Force full registry fetch : false
2025-10-11T21:36:20.128+05:30  INFO 11378 --- [USERSERVICE] [  restartedMain] com.netflix.discovery.DiscoveryClient    : Application is null : false
2025-10-11T21:36:20.128+05:30  INFO 11378 --- [USERSERVICE] [  restartedMain] com.netflix.discovery.DiscoveryClient    : Registered Applications size is zero : true
2025-10-11T21:36:20.128+05:30  INFO 11378 --- [USERSERVICE] [  restartedMain] com.netflix.discovery.DiscoveryClient    : Application version is -1: true
2025-10-11T21:36:20.128+05:30  INFO 11378 --- [USERSERVICE] [  restartedMain] com.netflix.discovery.DiscoveryClient    : Getting all instance registry info from the eureka server
2025-10-11T21:36:20.152+05:30  INFO 11378 --- [USERSERVICE] [  restartedMain] com.netflix.discovery.DiscoveryClient    : The response status is 200
2025-10-11T21:36:20.153+05:30  INFO 11378 --- [USERSERVICE] [  restartedMain] com.netflix.discovery.DiscoveryClient    : Starting heartbeat executor: renew interval is: 30
2025-10-11T21:36:20.153+05:30  INFO 11378 --- [USERSERVICE] [  restartedMain] c.n.discovery.InstanceInfoReplicator     : InstanceInfoReplicator onDemand update allowed rate per min is 4
2025-10-11T21:36:20.154+05:30  INFO 11378 --- [USERSERVICE] [  restartedMain] com.netflix.discovery.DiscoveryClient    : Discovery Client initialized at timestamp 1760198780154 with initial instances count: 7
2025-10-11T21:36:20.161+05:30  INFO 11378 --- [USERSERVICE] [  restartedMain] o.s.c.n.e.s.EurekaServiceRegistry        : Registering application USERSERVICE with eureka with status UP
2025-10-11T21:36:20.161+05:30  INFO 11378 --- [USERSERVICE] [  restartedMain] com.netflix.discovery.DiscoveryClient    : Saw local status change event StatusChangeEvent [timestamp=1760198780161, current=UP, previous=STARTING]
2025-10-11T21:36:20.161+05:30  INFO 11378 --- [USERSERVICE] [foReplicator-%d] com.netflix.discovery.DiscoveryClient    : DiscoveryClient_USERSERVICE/192.168.29.109:USERSERVICE:5001: registering service...
2025-10-11T21:36:20.163+05:30  INFO 11378 --- [USERSERVICE] [  restartedMain] o.s.b.w.embedded.tomcat.TomcatWebServer  : Tomcat started on port 5001 (http) with context path '/'
2025-10-11T21:36:20.164+05:30  INFO 11378 --- [USERSERVICE] [  restartedMain] .s.c.n.e.s.EurekaAutoServiceRegistration : Updating port to 5001
2025-10-11T21:36:20.171+05:30  INFO 11378 --- [USERSERVICE] [foReplicator-%d] com.netflix.discovery.DiscoveryClient    : DiscoveryClient_USERSERVICE/192.168.29.109:USERSERVICE:5001 - registration status: 204
2025-10-11T21:36:20.186+05:30  INFO 11378 --- [USERSERVICE] [  restartedMain] c.m.userService.UserServiceApplication   : Started UserServiceApplication in 1.694 seconds (process running for 6120.503)
2025-10-11T21:36:20.189+05:30  INFO 11378 --- [USERSERVICE] [  restartedMain] .ConditionEvaluationDeltaLoggingListener : Condition evaluation unchanged
[INFO] ------------------------------------------------------------------------
[INFO] BUILD FAILURE
[INFO] ------------------------------------------------------------------------
[INFO] Total time:  01:45 h
[INFO] Finished at: 2025-10-11T21:39:45+05:30
[INFO] ------------------------------------------------------------------------
[ERROR] Failed to execute goal org.springframework.boot:spring-boot-maven-plugin:3.4.3:run (default-cli) on project userService: Process terminated with exit code: 137 -> [Help 1]
[ERROR] 
[ERROR] To see the full stack trace of the errors, re-run Maven with the -e switch.
[ERROR] Re-run Maven using the -X switch to enable full debug logging.
[ERROR] 
[ERROR] For more information about the errors and possible solutions, please read the following articles:
[ERROR] [Help 1] http://cwiki.apache.org/confluence/display/MAVEN/MojoExecutionException
